Using pre-set license
Built from '2021.3/staging' branch; Version is '2021.3.4f1 (cb45f9cae8b7) revision 13321721'; Using compiler version '192829333'; Build Type 'Release'
OS: 'Windows 11  (10.0.22621) 64bit Core' Language: 'en' Physical Memory: 40652 MB
BatchMode: 1, IsHumanControllingUs: 0, StartBugReporterOnCrash: 0, Is64bit: 1, IsPro: 1

COMMAND LINE ARGUMENTS:
C:\Program Files\Unity\Hub\Editor\2021.3.4f1\Editor\Unity.exe
-adb2
-batchMode
-noUpm
-name
AssetImportWorker3
-projectPath
C:/Users/mattp/Documents/GitHub/MapConfigurator/Map Configurator
-logFile
Logs/AssetImportWorker3.log
-srvPort
59485
Successfully changed project path to: C:/Users/mattp/Documents/GitHub/MapConfigurator/Map Configurator
C:/Users/mattp/Documents/GitHub/MapConfigurator/Map Configurator
[UnityMemory] Configuration Parameters - Can be set up in boot.config
    "memorysetup-bucket-allocator-granularity=16"
    "memorysetup-bucket-allocator-bucket-count=8"
    "memorysetup-bucket-allocator-block-size=33554432"
    "memorysetup-bucket-allocator-block-count=8"
    "memorysetup-main-allocator-block-size=16777216"
    "memorysetup-thread-allocator-block-size=16777216"
    "memorysetup-gfx-main-allocator-block-size=16777216"
    "memorysetup-gfx-thread-allocator-block-size=16777216"
    "memorysetup-cache-allocator-block-size=4194304"
    "memorysetup-typetree-allocator-block-size=2097152"
    "memorysetup-profiler-bucket-allocator-granularity=16"
    "memorysetup-profiler-bucket-allocator-bucket-count=8"
    "memorysetup-profiler-bucket-allocator-block-size=33554432"
    "memorysetup-profiler-bucket-allocator-block-count=8"
    "memorysetup-profiler-allocator-block-size=16777216"
    "memorysetup-profiler-editor-allocator-block-size=1048576"
    "memorysetup-temp-allocator-size-main=16777216"
    "memorysetup-job-temp-allocator-block-size=2097152"
    "memorysetup-job-temp-allocator-block-size-background=1048576"
    "memorysetup-job-temp-allocator-reduction-small-platforms=262144"
    "memorysetup-temp-allocator-size-background-worker=32768"
    "memorysetup-temp-allocator-size-job-worker=262144"
    "memorysetup-temp-allocator-size-preload-manager=33554432"
    "memorysetup-temp-allocator-size-nav-mesh-worker=65536"
    "memorysetup-temp-allocator-size-audio-worker=65536"
    "memorysetup-temp-allocator-size-cloud-worker=32768"
    "memorysetup-temp-allocator-size-gi-baking-worker=262144"
    "memorysetup-temp-allocator-size-gfx=262144"
Refreshing native plugins compatible for Editor in 104.90 ms, found 3 plugins.
Preloading 0 native plugins for Editor in 0.00 ms.
Initialize engine version: 2021.3.4f1 (cb45f9cae8b7)
[Subsystems] Discovering subsystems at path C:/Program Files/Unity/Hub/Editor/2021.3.4f1/Editor/Data/Resources/UnitySubsystems
[Subsystems] Discovering subsystems at path C:/Users/mattp/Documents/GitHub/MapConfigurator/Map Configurator/Assets
GfxDevice: creating device client; threaded=0; jobified=0
Direct3D:
    Version:  Direct3D 11.0 [level 11.1]
    Renderer: NVIDIA GeForce RTX 3060 Laptop GPU (ID=0x2520)
    Vendor:   NVIDIA
    VRAM:     6023 MB
    Driver:   31.0.15.1659
Initialize mono
Mono path[0] = 'C:/Program Files/Unity/Hub/Editor/2021.3.4f1/Editor/Data/Managed'
Mono path[1] = 'C:/Program Files/Unity/Hub/Editor/2021.3.4f1/Editor/Data/MonoBleedingEdge/lib/mono/unityjit-win32'
Mono config path = 'C:/Program Files/Unity/Hub/Editor/2021.3.4f1/Editor/Data/MonoBleedingEdge/etc'
Using monoOptions --debugger-agent=transport=dt_socket,embedding=1,server=y,suspend=n,address=127.0.0.1:56444
Begin MonoManager ReloadAssembly
Registering precompiled unity dll's ...
Register platform support module: C:/Program Files/Unity/Hub/Editor/2021.3.4f1/Editor/Data/PlaybackEngines/WindowsStandaloneSupport/UnityEditor.WindowsStandalone.Extensions.dll
Registered in 0.002673 seconds.
Native extension for WindowsStandalone target not found
Refreshing native plugins compatible for Editor in 96.19 ms, found 3 plugins.
Preloading 0 native plugins for Editor in 0.00 ms.
Mono: successfully reloaded assembly
- Completed reload, in  0.588 seconds
Domain Reload Profiling:
	ReloadAssembly (589ms)
		BeginReloadAssembly (53ms)
			ExecutionOrderSort (0ms)
			DisableScriptedObjects (0ms)
			BackupInstance (0ms)
			ReleaseScriptingObjects (0ms)
			CreateAndSetChildDomain (1ms)
		EndReloadAssembly (449ms)
			LoadAssemblies (52ms)
			RebuildTransferFunctionScriptingTraits (0ms)
			SetupTypeCache (93ms)
			ReleaseScriptCaches (0ms)
			RebuildScriptCaches (23ms)
			SetupLoadedEditorAssemblies (288ms)
				LogAssemblyErrors (0ms)
				InitializePlatformSupportModulesInManaged (6ms)
				SetLoadedEditorAssemblies (0ms)
				RefreshPlugins (96ms)
				BeforeProcessingInitializeOnLoad (1ms)
				ProcessInitializeOnLoadAttributes (139ms)
				ProcessInitializeOnLoadMethodAttributes (45ms)
				AfterProcessingInitializeOnLoad (0ms)
				EditorAssembliesLoaded (0ms)
			ExecutionOrderSort2 (0ms)
			AwakeInstancesAfterBackupRestoration (0ms)
Platform modules already initialized, skipping
Registering precompiled user dll's ...
Registered in 0.004653 seconds.
Begin MonoManager ReloadAssembly
Symbol file LoadedFromMemory doesn't match image C:\Users\mattp\Documents\GitHub\MapConfigurator\Map Configurator\Library\PackageCache\com.unity.visualscripting@1.7.8\Editor\VisualScripting.Core\Dependencies\YamlDotNet\Unity.VisualScripting.YamlDotNet.dll
Symbol file LoadedFromMemory doesn't match image C:\Users\mattp\Documents\GitHub\MapConfigurator\Map Configurator\Library\PackageCache\com.unity.visualscripting@1.7.8\Editor\VisualScripting.Core\Dependencies\DotNetZip\Unity.VisualScripting.IonicZip.dll
Native extension for WindowsStandalone target not found
Refreshing native plugins compatible for Editor in 158.63 ms, found 3 plugins.
Preloading 0 native plugins for Editor in 0.00 ms.
Mono: successfully reloaded assembly
- Completed reload, in  1.774 seconds
Domain Reload Profiling:
	ReloadAssembly (1775ms)
		BeginReloadAssembly (141ms)
			ExecutionOrderSort (0ms)
			DisableScriptedObjects (7ms)
			BackupInstance (0ms)
			ReleaseScriptingObjects (0ms)
			CreateAndSetChildDomain (25ms)
		EndReloadAssembly (1470ms)
			LoadAssemblies (110ms)
			RebuildTransferFunctionScriptingTraits (0ms)
			SetupTypeCache (388ms)
			ReleaseScriptCaches (1ms)
			RebuildScriptCaches (79ms)
			SetupLoadedEditorAssemblies (826ms)
				LogAssemblyErrors (0ms)
				InitializePlatformSupportModulesInManaged (5ms)
				SetLoadedEditorAssemblies (0ms)
				RefreshPlugins (159ms)
				BeforeProcessingInitializeOnLoad (146ms)
				ProcessInitializeOnLoadAttributes (377ms)
				ProcessInitializeOnLoadMethodAttributes (133ms)
				AfterProcessingInitializeOnLoad (6ms)
				EditorAssembliesLoaded (0ms)
			ExecutionOrderSort2 (0ms)
			AwakeInstancesAfterBackupRestoration (9ms)
Platform modules already initialized, skipping
========================================================================
Worker process is ready to serve import requests
Launched and connected shader compiler UnityShaderCompiler.exe after 0.05 seconds
Refreshing native plugins compatible for Editor in 1.18 ms, found 3 plugins.
Preloading 0 native plugins for Editor in 0.00 ms.
Unloading 5463 Unused Serialized files (Serialized files now loaded: 0)
Unloading 35 unused Assets / (0.7 MB). Loaded Objects now: 5917.
Memory consumption went from 217.2 MB to 216.5 MB.
Total: 5.323700 ms (FindLiveObjects: 0.431900 ms CreateObjectMapping: 0.350000 ms MarkObjects: 4.103200 ms  DeleteObjects: 0.437000 ms)

AssetImportParameters requested are different than current active one (requested -> active):
  custom:video-decoder-ogg-theora: a1e56fd34408186e4bbccfd4996cb3dc -> 
  custom:container-muxer-webm: aa71ff27fc2769a1b78a27578f13a17b -> 
  custom:container-demuxer-webm: 4f35f7cbe854078d1ac9338744f61a02 -> 
  custom:video-encoder-webm-vp8: eb34c28f22e8b96e1ab97ce403110664 -> 
  custom:video-codec-MediaFoundation-h265: 746d11721c4dcdbdad8f713fa42b33f4 -> 
  custom:audio-encoder-webm-vorbis: bf7c407c2cedff20999df2af8eb42d56 -> 
  custom:framework-win-MediaFoundation: 216162199b28c13a410421893ffa2e32 -> 
  custom:container-demuxer-ogg: 62fdf1f143b41e24485cea50d1cbac27 -> 
  custom:video-decoder-webm-vp8: 9c59270c3fd7afecdb556c50c9e8de78 -> 
  custom:audio-decoder-ogg-vorbis: bf7c407c2cedff20999df2af8eb42d56 -> 
========================================================================
Received Prepare
Registering precompiled user dll's ...
Registered in 0.005497 seconds.
Begin MonoManager ReloadAssembly
Symbol file LoadedFromMemory doesn't match image C:\Users\mattp\Documents\GitHub\MapConfigurator\Map Configurator\Library\PackageCache\com.unity.visualscripting@1.7.8\Editor\VisualScripting.Core\Dependencies\YamlDotNet\Unity.VisualScripting.YamlDotNet.dll
Symbol file LoadedFromMemory doesn't match image C:\Users\mattp\Documents\GitHub\MapConfigurator\Map Configurator\Library\PackageCache\com.unity.visualscripting@1.7.8\Editor\VisualScripting.Core\Dependencies\DotNetZip\Unity.VisualScripting.IonicZip.dll
Native extension for WindowsStandalone target not found
Refreshing native plugins compatible for Editor in 0.70 ms, found 3 plugins.
Preloading 0 native plugins for Editor in 0.00 ms.
Mono: successfully reloaded assembly
- Completed reload, in  0.995 seconds
Domain Reload Profiling:
	ReloadAssembly (996ms)
		BeginReloadAssembly (137ms)
			ExecutionOrderSort (0ms)
			DisableScriptedObjects (6ms)
			BackupInstance (0ms)
			ReleaseScriptingObjects (0ms)
			CreateAndSetChildDomain (36ms)
		EndReloadAssembly (756ms)
			LoadAssemblies (88ms)
			RebuildTransferFunctionScriptingTraits (0ms)
			SetupTypeCache (214ms)
			ReleaseScriptCaches (2ms)
			RebuildScriptCaches (36ms)
			SetupLoadedEditorAssemblies (371ms)
				LogAssemblyErrors (0ms)
				InitializePlatformSupportModulesInManaged (9ms)
				SetLoadedEditorAssemblies (1ms)
				RefreshPlugins (1ms)
				BeforeProcessingInitializeOnLoad (61ms)
				ProcessInitializeOnLoadAttributes (204ms)
				ProcessInitializeOnLoadMethodAttributes (89ms)
				AfterProcessingInitializeOnLoad (6ms)
				EditorAssembliesLoaded (0ms)
			ExecutionOrderSort2 (0ms)
			AwakeInstancesAfterBackupRestoration (18ms)
Platform modules already initialized, skipping
Refreshing native plugins compatible for Editor in 2.84 ms, found 3 plugins.
Preloading 0 native plugins for Editor in 0.00 ms.
Unloading 5308 Unused Serialized files (Serialized files now loaded: 0)
Unloading 28 unused Assets / (0.7 MB). Loaded Objects now: 5920.
Memory consumption went from 205.6 MB to 204.8 MB.
Total: 3.017300 ms (FindLiveObjects: 0.387400 ms CreateObjectMapping: 0.166900 ms MarkObjects: 2.202500 ms  DeleteObjects: 0.258000 ms)

AssetImportParameters requested are different than current active one (requested -> active):
  custom:video-decoder-ogg-theora: a1e56fd34408186e4bbccfd4996cb3dc -> 
  custom:container-muxer-webm: aa71ff27fc2769a1b78a27578f13a17b -> 
  custom:container-demuxer-webm: 4f35f7cbe854078d1ac9338744f61a02 -> 
  custom:video-encoder-webm-vp8: eb34c28f22e8b96e1ab97ce403110664 -> 
  custom:video-codec-MediaFoundation-h265: 746d11721c4dcdbdad8f713fa42b33f4 -> 
  custom:audio-encoder-webm-vorbis: bf7c407c2cedff20999df2af8eb42d56 -> 
  custom:framework-win-MediaFoundation: 216162199b28c13a410421893ffa2e32 -> 
  custom:container-demuxer-ogg: 62fdf1f143b41e24485cea50d1cbac27 -> 
  custom:video-decoder-webm-vp8: 9c59270c3fd7afecdb556c50c9e8de78 -> 
  custom:audio-decoder-ogg-vorbis: bf7c407c2cedff20999df2af8eb42d56 -> 
========================================================================
Received Prepare
Registering precompiled user dll's ...
Registered in 0.004723 seconds.
Begin MonoManager ReloadAssembly
Symbol file LoadedFromMemory doesn't match image C:\Users\mattp\Documents\GitHub\MapConfigurator\Map Configurator\Library\PackageCache\com.unity.visualscripting@1.7.8\Editor\VisualScripting.Core\Dependencies\YamlDotNet\Unity.VisualScripting.YamlDotNet.dll
Symbol file LoadedFromMemory doesn't match image C:\Users\mattp\Documents\GitHub\MapConfigurator\Map Configurator\Library\PackageCache\com.unity.visualscripting@1.7.8\Editor\VisualScripting.Core\Dependencies\DotNetZip\Unity.VisualScripting.IonicZip.dll
Native extension for WindowsStandalone target not found
Refreshing native plugins compatible for Editor in 0.72 ms, found 3 plugins.
Preloading 0 native plugins for Editor in 0.00 ms.
Mono: successfully reloaded assembly
- Completed reload, in  0.939 seconds
Domain Reload Profiling:
	ReloadAssembly (940ms)
		BeginReloadAssembly (131ms)
			ExecutionOrderSort (0ms)
			DisableScriptedObjects (6ms)
			BackupInstance (0ms)
			ReleaseScriptingObjects (0ms)
			CreateAndSetChildDomain (32ms)
		EndReloadAssembly (721ms)
			LoadAssemblies (79ms)
			RebuildTransferFunctionScriptingTraits (0ms)
			SetupTypeCache (218ms)
			ReleaseScriptCaches (2ms)
			RebuildScriptCaches (37ms)
			SetupLoadedEditorAssemblies (351ms)
				LogAssemblyErrors (0ms)
				InitializePlatformSupportModulesInManaged (10ms)
				SetLoadedEditorAssemblies (0ms)
				RefreshPlugins (1ms)
				BeforeProcessingInitializeOnLoad (59ms)
				ProcessInitializeOnLoadAttributes (200ms)
				ProcessInitializeOnLoadMethodAttributes (77ms)
				AfterProcessingInitializeOnLoad (4ms)
				EditorAssembliesLoaded (0ms)
			ExecutionOrderSort2 (0ms)
			AwakeInstancesAfterBackupRestoration (13ms)
Platform modules already initialized, skipping
Refreshing native plugins compatible for Editor in 2.05 ms, found 3 plugins.
Preloading 0 native plugins for Editor in 0.00 ms.
Unloading 5308 Unused Serialized files (Serialized files now loaded: 0)
Unloading 28 unused Assets / (0.7 MB). Loaded Objects now: 5923.
Memory consumption went from 205.5 MB to 204.8 MB.
Total: 3.484100 ms (FindLiveObjects: 0.268600 ms CreateObjectMapping: 0.168400 ms MarkObjects: 2.810900 ms  DeleteObjects: 0.235100 ms)

AssetImportParameters requested are different than current active one (requested -> active):
  custom:video-decoder-ogg-theora: a1e56fd34408186e4bbccfd4996cb3dc -> 
  custom:container-muxer-webm: aa71ff27fc2769a1b78a27578f13a17b -> 
  custom:container-demuxer-webm: 4f35f7cbe854078d1ac9338744f61a02 -> 
  custom:video-encoder-webm-vp8: eb34c28f22e8b96e1ab97ce403110664 -> 
  custom:video-codec-MediaFoundation-h265: 746d11721c4dcdbdad8f713fa42b33f4 -> 
  custom:audio-encoder-webm-vorbis: bf7c407c2cedff20999df2af8eb42d56 -> 
  custom:framework-win-MediaFoundation: 216162199b28c13a410421893ffa2e32 -> 
  custom:container-demuxer-ogg: 62fdf1f143b41e24485cea50d1cbac27 -> 
  custom:video-decoder-webm-vp8: 9c59270c3fd7afecdb556c50c9e8de78 -> 
  custom:audio-decoder-ogg-vorbis: bf7c407c2cedff20999df2af8eb42d56 -> 
========================================================================
Received Prepare
Registering precompiled user dll's ...
Registered in 0.003657 seconds.
Begin MonoManager ReloadAssembly
Symbol file LoadedFromMemory doesn't match image C:\Users\mattp\Documents\GitHub\MapConfigurator\Map Configurator\Library\PackageCache\com.unity.visualscripting@1.7.8\Editor\VisualScripting.Core\Dependencies\YamlDotNet\Unity.VisualScripting.YamlDotNet.dll
Symbol file LoadedFromMemory doesn't match image C:\Users\mattp\Documents\GitHub\MapConfigurator\Map Configurator\Library\PackageCache\com.unity.visualscripting@1.7.8\Editor\VisualScripting.Core\Dependencies\DotNetZip\Unity.VisualScripting.IonicZip.dll
Native extension for WindowsStandalone target not found
Refreshing native plugins compatible for Editor in 0.69 ms, found 3 plugins.
Preloading 0 native plugins for Editor in 0.00 ms.
Mono: successfully reloaded assembly
- Completed reload, in  0.751 seconds
Domain Reload Profiling:
	ReloadAssembly (752ms)
		BeginReloadAssembly (97ms)
			ExecutionOrderSort (0ms)
			DisableScriptedObjects (4ms)
			BackupInstance (0ms)
			ReleaseScriptingObjects (0ms)
			CreateAndSetChildDomain (27ms)
		EndReloadAssembly (591ms)
			LoadAssemblies (59ms)
			RebuildTransferFunctionScriptingTraits (0ms)
			SetupTypeCache (181ms)
			ReleaseScriptCaches (2ms)
			RebuildScriptCaches (32ms)
			SetupLoadedEditorAssemblies (280ms)
				LogAssemblyErrors (0ms)
				InitializePlatformSupportModulesInManaged (8ms)
				SetLoadedEditorAssemblies (0ms)
				RefreshPlugins (1ms)
				BeforeProcessingInitializeOnLoad (54ms)
				ProcessInitializeOnLoadAttributes (157ms)
				ProcessInitializeOnLoadMethodAttributes (58ms)
				AfterProcessingInitializeOnLoad (3ms)
				EditorAssembliesLoaded (0ms)
			ExecutionOrderSort2 (0ms)
			AwakeInstancesAfterBackupRestoration (11ms)
Platform modules already initialized, skipping
Refreshing native plugins compatible for Editor in 1.36 ms, found 3 plugins.
Preloading 0 native plugins for Editor in 0.00 ms.
Unloading 5308 Unused Serialized files (Serialized files now loaded: 0)
Unloading 28 unused Assets / (0.7 MB). Loaded Objects now: 5926.
Memory consumption went from 205.6 MB to 204.8 MB.
Total: 2.826400 ms (FindLiveObjects: 0.278700 ms CreateObjectMapping: 0.168400 ms MarkObjects: 2.137400 ms  DeleteObjects: 0.240900 ms)

AssetImportParameters requested are different than current active one (requested -> active):
  custom:video-decoder-ogg-theora: a1e56fd34408186e4bbccfd4996cb3dc -> 
  custom:container-muxer-webm: aa71ff27fc2769a1b78a27578f13a17b -> 
  custom:container-demuxer-webm: 4f35f7cbe854078d1ac9338744f61a02 -> 
  custom:video-encoder-webm-vp8: eb34c28f22e8b96e1ab97ce403110664 -> 
  custom:video-codec-MediaFoundation-h265: 746d11721c4dcdbdad8f713fa42b33f4 -> 
  custom:audio-encoder-webm-vorbis: bf7c407c2cedff20999df2af8eb42d56 -> 
  custom:framework-win-MediaFoundation: 216162199b28c13a410421893ffa2e32 -> 
  custom:container-demuxer-ogg: 62fdf1f143b41e24485cea50d1cbac27 -> 
  custom:video-decoder-webm-vp8: 9c59270c3fd7afecdb556c50c9e8de78 -> 
  custom:audio-decoder-ogg-vorbis: bf7c407c2cedff20999df2af8eb42d56 -> 
========================================================================
Received Prepare
Registering precompiled user dll's ...
Registered in 0.003072 seconds.
Begin MonoManager ReloadAssembly
Symbol file LoadedFromMemory doesn't match image C:\Users\mattp\Documents\GitHub\MapConfigurator\Map Configurator\Library\PackageCache\com.unity.visualscripting@1.7.8\Editor\VisualScripting.Core\Dependencies\YamlDotNet\Unity.VisualScripting.YamlDotNet.dll
Symbol file LoadedFromMemory doesn't match image C:\Users\mattp\Documents\GitHub\MapConfigurator\Map Configurator\Library\PackageCache\com.unity.visualscripting@1.7.8\Editor\VisualScripting.Core\Dependencies\DotNetZip\Unity.VisualScripting.IonicZip.dll
Native extension for WindowsStandalone target not found
Refreshing native plugins compatible for Editor in 0.66 ms, found 3 plugins.
Preloading 0 native plugins for Editor in 0.00 ms.
Mono: successfully reloaded assembly
- Completed reload, in  0.755 seconds
Domain Reload Profiling:
	ReloadAssembly (755ms)
		BeginReloadAssembly (95ms)
			ExecutionOrderSort (0ms)
			DisableScriptedObjects (3ms)
			BackupInstance (0ms)
			ReleaseScriptingObjects (0ms)
			CreateAndSetChildDomain (27ms)
		EndReloadAssembly (598ms)
			LoadAssemblies (58ms)
			RebuildTransferFunctionScriptingTraits (0ms)
			SetupTypeCache (180ms)
			ReleaseScriptCaches (2ms)
			RebuildScriptCaches (30ms)
			SetupLoadedEditorAssemblies (289ms)
				LogAssemblyErrors (0ms)
				InitializePlatformSupportModulesInManaged (8ms)
				SetLoadedEditorAssemblies (0ms)
				RefreshPlugins (1ms)
				BeforeProcessingInitializeOnLoad (55ms)
				ProcessInitializeOnLoadAttributes (159ms)
				ProcessInitializeOnLoadMethodAttributes (63ms)
				AfterProcessingInitializeOnLoad (3ms)
				EditorAssembliesLoaded (0ms)
			ExecutionOrderSort2 (0ms)
			AwakeInstancesAfterBackupRestoration (12ms)
Platform modules already initialized, skipping
Refreshing native plugins compatible for Editor in 1.46 ms, found 3 plugins.
Preloading 0 native plugins for Editor in 0.00 ms.
Unloading 5308 Unused Serialized files (Serialized files now loaded: 0)
Unloading 28 unused Assets / (0.7 MB). Loaded Objects now: 5929.
Memory consumption went from 205.6 MB to 204.9 MB.
Total: 3.007200 ms (FindLiveObjects: 0.274500 ms CreateObjectMapping: 0.172200 ms MarkObjects: 2.320100 ms  DeleteObjects: 0.239400 ms)

AssetImportParameters requested are different than current active one (requested -> active):
  custom:video-decoder-ogg-theora: a1e56fd34408186e4bbccfd4996cb3dc -> 
  custom:container-muxer-webm: aa71ff27fc2769a1b78a27578f13a17b -> 
  custom:container-demuxer-webm: 4f35f7cbe854078d1ac9338744f61a02 -> 
  custom:video-encoder-webm-vp8: eb34c28f22e8b96e1ab97ce403110664 -> 
  custom:video-codec-MediaFoundation-h265: 746d11721c4dcdbdad8f713fa42b33f4 -> 
  custom:audio-encoder-webm-vorbis: bf7c407c2cedff20999df2af8eb42d56 -> 
  custom:framework-win-MediaFoundation: 216162199b28c13a410421893ffa2e32 -> 
  custom:container-demuxer-ogg: 62fdf1f143b41e24485cea50d1cbac27 -> 
  custom:video-decoder-webm-vp8: 9c59270c3fd7afecdb556c50c9e8de78 -> 
  custom:audio-decoder-ogg-vorbis: bf7c407c2cedff20999df2af8eb42d56 -> 
========================================================================
Received Import Request.
  Time since last request: 714334.874792 seconds.
  path: Assets/Mastered/YellowAssets/Cube Variant.prefab
  artifactKey: Guid(d846b12a142b6064cbb3c5b34889fb38) Importer(815301076,1909f56bfc062723c751e8b465ee728b)
Start importing Assets/Mastered/YellowAssets/Cube Variant.prefab using Guid(d846b12a142b6064cbb3c5b34889fb38) Importer(815301076,1909f56bfc062723c751e8b465ee728b)  -> (artifact id: '1dc11edaa9bf840b36e639ed71a52b88') in 0.199788 seconds 
========================================================================
Received Prepare
Registering precompiled user dll's ...
Registered in 0.003479 seconds.
Begin MonoManager ReloadAssembly
Symbol file LoadedFromMemory doesn't match image C:\Users\mattp\Documents\GitHub\MapConfigurator\Map Configurator\Library\PackageCache\com.unity.visualscripting@1.7.8\Editor\VisualScripting.Core\Dependencies\YamlDotNet\Unity.VisualScripting.YamlDotNet.dll
Symbol file LoadedFromMemory doesn't match image C:\Users\mattp\Documents\GitHub\MapConfigurator\Map Configurator\Library\PackageCache\com.unity.visualscripting@1.7.8\Editor\VisualScripting.Core\Dependencies\DotNetZip\Unity.VisualScripting.IonicZip.dll
Native extension for WindowsStandalone target not found
Refreshing native plugins compatible for Editor in 0.73 ms, found 3 plugins.
Preloading 0 native plugins for Editor in 0.00 ms.
Mono: successfully reloaded assembly
- Completed reload, in  0.830 seconds
Domain Reload Profiling:
	ReloadAssembly (830ms)
		BeginReloadAssembly (106ms)
			ExecutionOrderSort (0ms)
			DisableScriptedObjects (6ms)
			BackupInstance (0ms)
			ReleaseScriptingObjects (0ms)
			CreateAndSetChildDomain (30ms)
		EndReloadAssembly (657ms)
			LoadAssemblies (62ms)
			RebuildTransferFunctionScriptingTraits (0ms)
			SetupTypeCache (188ms)
			ReleaseScriptCaches (2ms)
			RebuildScriptCaches (31ms)
			SetupLoadedEditorAssemblies (309ms)
				LogAssemblyErrors (0ms)
				InitializePlatformSupportModulesInManaged (8ms)
				SetLoadedEditorAssemblies (1ms)
				RefreshPlugins (1ms)
				BeforeProcessingInitializeOnLoad (54ms)
				ProcessInitializeOnLoadAttributes (175ms)
				ProcessInitializeOnLoadMethodAttributes (67ms)
				AfterProcessingInitializeOnLoad (4ms)
				EditorAssembliesLoaded (0ms)
			ExecutionOrderSort2 (0ms)
			AwakeInstancesAfterBackupRestoration (19ms)
Platform modules already initialized, skipping
Refreshing native plugins compatible for Editor in 1.73 ms, found 3 plugins.
Preloading 0 native plugins for Editor in 0.00 ms.
Unloading 5315 Unused Serialized files (Serialized files now loaded: 0)
Unloading 28 unused Assets / (0.7 MB). Loaded Objects now: 5990.
Memory consumption went from 212.6 MB to 211.9 MB.
Total: 3.454100 ms (FindLiveObjects: 0.304500 ms CreateObjectMapping: 0.189800 ms MarkObjects: 2.688400 ms  DeleteObjects: 0.270600 ms)

AssetImportParameters requested are different than current active one (requested -> active):
  custom:video-decoder-ogg-theora: a1e56fd34408186e4bbccfd4996cb3dc -> 
  custom:container-muxer-webm: aa71ff27fc2769a1b78a27578f13a17b -> 
  custom:container-demuxer-webm: 4f35f7cbe854078d1ac9338744f61a02 -> 
  custom:video-encoder-webm-vp8: eb34c28f22e8b96e1ab97ce403110664 -> 
  custom:video-codec-MediaFoundation-h265: 746d11721c4dcdbdad8f713fa42b33f4 -> 
  custom:audio-encoder-webm-vorbis: bf7c407c2cedff20999df2af8eb42d56 -> 
  custom:framework-win-MediaFoundation: 216162199b28c13a410421893ffa2e32 -> 
  custom:container-demuxer-ogg: 62fdf1f143b41e24485cea50d1cbac27 -> 
  custom:video-decoder-webm-vp8: 9c59270c3fd7afecdb556c50c9e8de78 -> 
  custom:audio-decoder-ogg-vorbis: bf7c407c2cedff20999df2af8eb42d56 -> 
========================================================================
Received Prepare
Registering precompiled user dll's ...
Registered in 0.005477 seconds.
Begin MonoManager ReloadAssembly
Symbol file LoadedFromMemory doesn't match image C:\Users\mattp\Documents\GitHub\MapConfigurator\Map Configurator\Library\PackageCache\com.unity.visualscripting@1.7.8\Editor\VisualScripting.Core\Dependencies\YamlDotNet\Unity.VisualScripting.YamlDotNet.dll
Symbol file LoadedFromMemory doesn't match image C:\Users\mattp\Documents\GitHub\MapConfigurator\Map Configurator\Library\PackageCache\com.unity.visualscripting@1.7.8\Editor\VisualScripting.Core\Dependencies\DotNetZip\Unity.VisualScripting.IonicZip.dll
Native extension for WindowsStandalone target not found
Refreshing native plugins compatible for Editor in 0.69 ms, found 3 plugins.
Preloading 0 native plugins for Editor in 0.00 ms.
Mono: successfully reloaded assembly
- Completed reload, in  0.979 seconds
Domain Reload Profiling:
	ReloadAssembly (979ms)
		BeginReloadAssembly (106ms)
			ExecutionOrderSort (0ms)
			DisableScriptedObjects (4ms)
			BackupInstance (0ms)
			ReleaseScriptingObjects (0ms)
			CreateAndSetChildDomain (29ms)
		EndReloadAssembly (799ms)
			LoadAssemblies (65ms)
			RebuildTransferFunctionScriptingTraits (0ms)
			SetupTypeCache (202ms)
			ReleaseScriptCaches (2ms)
			RebuildScriptCaches (35ms)
			SetupLoadedEditorAssemblies (426ms)
				LogAssemblyErrors (0ms)
				InitializePlatformSupportModulesInManaged (10ms)
				SetLoadedEditorAssemblies (0ms)
				RefreshPlugins (1ms)
				BeforeProcessingInitializeOnLoad (58ms)
				ProcessInitializeOnLoadAttributes (266ms)
				ProcessInitializeOnLoadMethodAttributes (86ms)
				AfterProcessingInitializeOnLoad (5ms)
				EditorAssembliesLoaded (0ms)
			ExecutionOrderSort2 (0ms)
			AwakeInstancesAfterBackupRestoration (20ms)
Platform modules already initialized, skipping
Refreshing native plugins compatible for Editor in 4.27 ms, found 3 plugins.
Preloading 0 native plugins for Editor in 0.00 ms.
Unloading 5316 Unused Serialized files (Serialized files now loaded: 0)
Unloading 28 unused Assets / (0.7 MB). Loaded Objects now: 5993.
Memory consumption went from 212.7 MB to 212.0 MB.
Total: 4.669000 ms (FindLiveObjects: 0.409400 ms CreateObjectMapping: 0.243200 ms MarkObjects: 3.610800 ms  DeleteObjects: 0.403400 ms)

AssetImportParameters requested are different than current active one (requested -> active):
  custom:video-decoder-ogg-theora: a1e56fd34408186e4bbccfd4996cb3dc -> 
  custom:container-muxer-webm: aa71ff27fc2769a1b78a27578f13a17b -> 
  custom:container-demuxer-webm: 4f35f7cbe854078d1ac9338744f61a02 -> 
  custom:video-encoder-webm-vp8: eb34c28f22e8b96e1ab97ce403110664 -> 
  custom:video-codec-MediaFoundation-h265: 746d11721c4dcdbdad8f713fa42b33f4 -> 
  custom:audio-encoder-webm-vorbis: bf7c407c2cedff20999df2af8eb42d56 -> 
  custom:framework-win-MediaFoundation: 216162199b28c13a410421893ffa2e32 -> 
  custom:container-demuxer-ogg: 62fdf1f143b41e24485cea50d1cbac27 -> 
  custom:video-decoder-webm-vp8: 9c59270c3fd7afecdb556c50c9e8de78 -> 
  custom:audio-decoder-ogg-vorbis: bf7c407c2cedff20999df2af8eb42d56 -> 
========================================================================
Received Prepare
Registering precompiled user dll's ...
Registered in 0.002959 seconds.
Begin MonoManager ReloadAssembly
Symbol file LoadedFromMemory doesn't match image C:\Users\mattp\Documents\GitHub\MapConfigurator\Map Configurator\Library\PackageCache\com.unity.visualscripting@1.7.8\Editor\VisualScripting.Core\Dependencies\YamlDotNet\Unity.VisualScripting.YamlDotNet.dll
Symbol file LoadedFromMemory doesn't match image C:\Users\mattp\Documents\GitHub\MapConfigurator\Map Configurator\Library\PackageCache\com.unity.visualscripting@1.7.8\Editor\VisualScripting.Core\Dependencies\DotNetZip\Unity.VisualScripting.IonicZip.dll
Native extension for WindowsStandalone target not found
Refreshing native plugins compatible for Editor in 0.63 ms, found 3 plugins.
Preloading 0 native plugins for Editor in 0.00 ms.
Mono: successfully reloaded assembly
- Completed reload, in  0.766 seconds
Domain Reload Profiling:
	ReloadAssembly (767ms)
		BeginReloadAssembly (97ms)
			ExecutionOrderSort (0ms)
			DisableScriptedObjects (3ms)
			BackupInstance (0ms)
			ReleaseScriptingObjects (0ms)
			CreateAndSetChildDomain (26ms)
		EndReloadAssembly (604ms)
			LoadAssemblies (64ms)
			RebuildTransferFunctionScriptingTraits (0ms)
			SetupTypeCache (166ms)
			ReleaseScriptCaches (2ms)
			RebuildScriptCaches (30ms)
			SetupLoadedEditorAssemblies (288ms)
				LogAssemblyErrors (0ms)
				InitializePlatformSupportModulesInManaged (7ms)
				SetLoadedEditorAssemblies (0ms)
				RefreshPlugins (1ms)
				BeforeProcessingInitializeOnLoad (52ms)
				ProcessInitializeOnLoadAttributes (166ms)
				ProcessInitializeOnLoadMethodAttributes (59ms)
				AfterProcessingInitializeOnLoad (3ms)
				EditorAssembliesLoaded (0ms)
			ExecutionOrderSort2 (0ms)
			AwakeInstancesAfterBackupRestoration (14ms)
Platform modules already initialized, skipping
Refreshing native plugins compatible for Editor in 1.49 ms, found 3 plugins.
Preloading 0 native plugins for Editor in 0.00 ms.
Unloading 5316 Unused Serialized files (Serialized files now loaded: 0)
Unloading 28 unused Assets / (0.7 MB). Loaded Objects now: 5996.
Memory consumption went from 212.6 MB to 211.9 MB.
Total: 3.193800 ms (FindLiveObjects: 0.292100 ms CreateObjectMapping: 0.209700 ms MarkObjects: 2.414700 ms  DeleteObjects: 0.276400 ms)

AssetImportParameters requested are different than current active one (requested -> active):
  custom:video-decoder-ogg-theora: a1e56fd34408186e4bbccfd4996cb3dc -> 
  custom:container-muxer-webm: aa71ff27fc2769a1b78a27578f13a17b -> 
  custom:container-demuxer-webm: 4f35f7cbe854078d1ac9338744f61a02 -> 
  custom:video-encoder-webm-vp8: eb34c28f22e8b96e1ab97ce403110664 -> 
  custom:video-codec-MediaFoundation-h265: 746d11721c4dcdbdad8f713fa42b33f4 -> 
  custom:audio-encoder-webm-vorbis: bf7c407c2cedff20999df2af8eb42d56 -> 
  custom:framework-win-MediaFoundation: 216162199b28c13a410421893ffa2e32 -> 
  custom:container-demuxer-ogg: 62fdf1f143b41e24485cea50d1cbac27 -> 
  custom:video-decoder-webm-vp8: 9c59270c3fd7afecdb556c50c9e8de78 -> 
  custom:audio-decoder-ogg-vorbis: bf7c407c2cedff20999df2af8eb42d56 -> 
========================================================================
Received Import Request.
  Time since last request: 375.784732 seconds.
  path: Assets/Mastered/GreenAssets/Capsule.prefab
  artifactKey: Guid(c93740e4949a06d45ab47e86a6d8e64e) Importer(815301076,1909f56bfc062723c751e8b465ee728b)
Start importing Assets/Mastered/GreenAssets/Capsule.prefab using Guid(c93740e4949a06d45ab47e86a6d8e64e) Importer(815301076,1909f56bfc062723c751e8b465ee728b)  -> (artifact id: 'fd6d99adbba023c3c7ff4effcfd6591d') in 0.185694 seconds 
========================================================================
Received Import Request.
  Time since last request: 2.807581 seconds.
  path: Assets/Mastered/GreenAssets/Capsule.prefab
  artifactKey: Guid(c93740e4949a06d45ab47e86a6d8e64e) Importer(815301076,1909f56bfc062723c751e8b465ee728b)
Start importing Assets/Mastered/GreenAssets/Capsule.prefab using Guid(c93740e4949a06d45ab47e86a6d8e64e) Importer(815301076,1909f56bfc062723c751e8b465ee728b)  -> (artifact id: '5f6d4444f3ab319777f89fcf5dbd80a9') in 0.014703 seconds 
========================================================================
Received Import Request.
  Time since last request: 1.422899 seconds.
  path: Assets/Mastered/GreenAssets/Cube.prefab
  artifactKey: Guid(30c8ea98e4ddec549b292cf5e03d4719) Importer(815301076,1909f56bfc062723c751e8b465ee728b)
Start importing Assets/Mastered/GreenAssets/Cube.prefab using Guid(30c8ea98e4ddec549b292cf5e03d4719) Importer(815301076,1909f56bfc062723c751e8b465ee728b)  -> (artifact id: 'ffa9d33ccb13202c70d4b64adde75a98') in 0.012526 seconds 
========================================================================
Received Import Request.
  Time since last request: 1.199943 seconds.
  path: Assets/Mastered/GreenAssets/Cube.prefab
  artifactKey: Guid(30c8ea98e4ddec549b292cf5e03d4719) Importer(815301076,1909f56bfc062723c751e8b465ee728b)
Start importing Assets/Mastered/GreenAssets/Cube.prefab using Guid(30c8ea98e4ddec549b292cf5e03d4719) Importer(815301076,1909f56bfc062723c751e8b465ee728b)  -> (artifact id: 'c08df45684f5865e8b06845d7d0687f8') in 0.012116 seconds 
========================================================================
Received Import Request.
  Time since last request: 2.239803 seconds.
  path: Assets/Mastered/GreenAssets/Cylinder.prefab
  artifactKey: Guid(2808eccb4a961b346bb98a7261a67779) Importer(815301076,1909f56bfc062723c751e8b465ee728b)
Start importing Assets/Mastered/GreenAssets/Cylinder.prefab using Guid(2808eccb4a961b346bb98a7261a67779) Importer(815301076,1909f56bfc062723c751e8b465ee728b)  -> (artifact id: 'f9cf59c336faf1eb79e0b92986b9c7eb') in 0.011524 seconds 
========================================================================
Received Import Request.
  Time since last request: 0.820805 seconds.
  path: Assets/Mastered/GreenAssets/Cylinder.prefab
  artifactKey: Guid(2808eccb4a961b346bb98a7261a67779) Importer(815301076,1909f56bfc062723c751e8b465ee728b)
Start importing Assets/Mastered/GreenAssets/Cylinder.prefab using Guid(2808eccb4a961b346bb98a7261a67779) Importer(815301076,1909f56bfc062723c751e8b465ee728b)  -> (artifact id: '69ce7c8ecb09ec88ebbab65efd49f236') in 0.010988 seconds 
========================================================================
Received Import Request.
  Time since last request: 2.313994 seconds.
  path: Assets/Mastered/GreenAssets/Sphere.prefab
  artifactKey: Guid(55c44096966474946a4c607a0ae70a58) Importer(815301076,1909f56bfc062723c751e8b465ee728b)
Start importing Assets/Mastered/GreenAssets/Sphere.prefab using Guid(55c44096966474946a4c607a0ae70a58) Importer(815301076,1909f56bfc062723c751e8b465ee728b)  -> (artifact id: 'd541030aba8f462dcd6739c06f6038fe') in 0.012633 seconds 
========================================================================
Received Import Request.
  Time since last request: 0.387338 seconds.
  path: Assets/Mastered/GreenAssets/Sphere.prefab
  artifactKey: Guid(55c44096966474946a4c607a0ae70a58) Importer(815301076,1909f56bfc062723c751e8b465ee728b)
Start importing Assets/Mastered/GreenAssets/Sphere.prefab using Guid(55c44096966474946a4c607a0ae70a58) Importer(815301076,1909f56bfc062723c751e8b465ee728b)  -> (artifact id: 'f1bca991171d7ce494de92ca77f10961') in 0.012472 seconds 
========================================================================
Received Import Request.
  Time since last request: 1.813385 seconds.
  path: Assets/Mastered/YellowAssets/Capsule Variant.prefab
  artifactKey: Guid(b6a5f33356c12e846857f69eee1c76f8) Importer(815301076,1909f56bfc062723c751e8b465ee728b)
Start importing Assets/Mastered/YellowAssets/Capsule Variant.prefab using Guid(b6a5f33356c12e846857f69eee1c76f8) Importer(815301076,1909f56bfc062723c751e8b465ee728b)  -> (artifact id: '89d94a68ad2c4d67dc83e3a5113528d0') in 0.010590 seconds 
========================================================================
Received Import Request.
  Time since last request: 0.000021 seconds.
  path: Assets/Mastered/YellowAssets/Cylinder Variant.prefab
  artifactKey: Guid(2024a6a21f19a45438dbd8a0994bd645) Importer(815301076,1909f56bfc062723c751e8b465ee728b)
Start importing Assets/Mastered/YellowAssets/Cylinder Variant.prefab using Guid(2024a6a21f19a45438dbd8a0994bd645) Importer(815301076,1909f56bfc062723c751e8b465ee728b)  -> (artifact id: 'fbd02f7789f3fb0db91f96fd6ed50c6f') in 0.009990 seconds 
========================================================================
Received Import Request.
  Time since last request: 0.000019 seconds.
  path: Assets/Mastered/YellowAssets/Sphere Variant.prefab
  artifactKey: Guid(83dfc8c727189934f8ae2f256bdb2f69) Importer(815301076,1909f56bfc062723c751e8b465ee728b)
Start importing Assets/Mastered/YellowAssets/Sphere Variant.prefab using Guid(83dfc8c727189934f8ae2f256bdb2f69) Importer(815301076,1909f56bfc062723c751e8b465ee728b)  -> (artifact id: 'bc0b56888a3fc5eb7a27cac6e555b254') in 0.009099 seconds 
========================================================================
Received Import Request.
  Time since last request: 22.939528 seconds.
  path: Assets/Mastered/YellowAssets/Capsule Variant.prefab
  artifactKey: Guid(b6a5f33356c12e846857f69eee1c76f8) Importer(815301076,1909f56bfc062723c751e8b465ee728b)
Start importing Assets/Mastered/YellowAssets/Capsule Variant.prefab using Guid(b6a5f33356c12e846857f69eee1c76f8) Importer(815301076,1909f56bfc062723c751e8b465ee728b)  -> (artifact id: 'fc386fcf26c0c7f541b5aef597b82a2f') in 0.009548 seconds 
========================================================================
Received Import Request.
  Time since last request: 0.000021 seconds.
  path: Assets/Mastered/YellowAssets/Cylinder Variant.prefab
  artifactKey: Guid(2024a6a21f19a45438dbd8a0994bd645) Importer(815301076,1909f56bfc062723c751e8b465ee728b)
Start importing Assets/Mastered/YellowAssets/Cylinder Variant.prefab using Guid(2024a6a21f19a45438dbd8a0994bd645) Importer(815301076,1909f56bfc062723c751e8b465ee728b)  -> (artifact id: '2b38418c9f7d96ff20d1dc0901842004') in 0.008886 seconds 
========================================================================
Received Prepare
Registering precompiled user dll's ...
Registered in 0.004438 seconds.
Begin MonoManager ReloadAssembly
Symbol file LoadedFromMemory doesn't match image C:\Users\mattp\Documents\GitHub\MapConfigurator\Map Configurator\Library\PackageCache\com.unity.visualscripting@1.7.8\Editor\VisualScripting.Core\Dependencies\YamlDotNet\Unity.VisualScripting.YamlDotNet.dll
Symbol file LoadedFromMemory doesn't match image C:\Users\mattp\Documents\GitHub\MapConfigurator\Map Configurator\Library\PackageCache\com.unity.visualscripting@1.7.8\Editor\VisualScripting.Core\Dependencies\DotNetZip\Unity.VisualScripting.IonicZip.dll
Native extension for WindowsStandalone target not found
Refreshing native plugins compatible for Editor in 0.74 ms, found 3 plugins.
Preloading 0 native plugins for Editor in 0.00 ms.
Mono: successfully reloaded assembly
- Completed reload, in  0.779 seconds
Domain Reload Profiling:
	ReloadAssembly (779ms)
		BeginReloadAssembly (97ms)
			ExecutionOrderSort (0ms)
			DisableScriptedObjects (4ms)
			BackupInstance (0ms)
			ReleaseScriptingObjects (0ms)
			CreateAndSetChildDomain (28ms)
		EndReloadAssembly (616ms)
			LoadAssemblies (59ms)
			RebuildTransferFunctionScriptingTraits (0ms)
			SetupTypeCache (173ms)
			ReleaseScriptCaches (2ms)
			RebuildScriptCaches (30ms)
			SetupLoadedEditorAssemblies (293ms)
				LogAssemblyErrors (0ms)
				InitializePlatformSupportModulesInManaged (8ms)
				SetLoadedEditorAssemblies (0ms)
				RefreshPlugins (1ms)
				BeforeProcessingInitializeOnLoad (53ms)
				ProcessInitializeOnLoadAttributes (169ms)
				ProcessInitializeOnLoadMethodAttributes (58ms)
				AfterProcessingInitializeOnLoad (4ms)
				EditorAssembliesLoaded (0ms)
			ExecutionOrderSort2 (0ms)
			AwakeInstancesAfterBackupRestoration (17ms)
Platform modules already initialized, skipping
Refreshing native plugins compatible for Editor in 1.79 ms, found 3 plugins.
Preloading 0 native plugins for Editor in 0.00 ms.
Unloading 5315 Unused Serialized files (Serialized files now loaded: 0)
Unloading 28 unused Assets / (0.7 MB). Loaded Objects now: 6043.
Memory consumption went from 212.7 MB to 212.0 MB.
Total: 2.752900 ms (FindLiveObjects: 0.357700 ms CreateObjectMapping: 0.179600 ms MarkObjects: 1.961000 ms  DeleteObjects: 0.253500 ms)

AssetImportParameters requested are different than current active one (requested -> active):
  custom:video-decoder-ogg-theora: a1e56fd34408186e4bbccfd4996cb3dc -> 
  custom:container-muxer-webm: aa71ff27fc2769a1b78a27578f13a17b -> 
  custom:container-demuxer-webm: 4f35f7cbe854078d1ac9338744f61a02 -> 
  custom:video-encoder-webm-vp8: eb34c28f22e8b96e1ab97ce403110664 -> 
  custom:video-codec-MediaFoundation-h265: 746d11721c4dcdbdad8f713fa42b33f4 -> 
  custom:audio-encoder-webm-vorbis: bf7c407c2cedff20999df2af8eb42d56 -> 
  custom:framework-win-MediaFoundation: 216162199b28c13a410421893ffa2e32 -> 
  custom:container-demuxer-ogg: 62fdf1f143b41e24485cea50d1cbac27 -> 
  custom:video-decoder-webm-vp8: 9c59270c3fd7afecdb556c50c9e8de78 -> 
  custom:audio-decoder-ogg-vorbis: bf7c407c2cedff20999df2af8eb42d56 -> 
========================================================================
Received Prepare
Registering precompiled user dll's ...
Registered in 0.006246 seconds.
Begin MonoManager ReloadAssembly
Symbol file LoadedFromMemory doesn't match image C:\Users\mattp\Documents\GitHub\MapConfigurator\Map Configurator\Library\PackageCache\com.unity.visualscripting@1.7.8\Editor\VisualScripting.Core\Dependencies\YamlDotNet\Unity.VisualScripting.YamlDotNet.dll
Symbol file LoadedFromMemory doesn't match image C:\Users\mattp\Documents\GitHub\MapConfigurator\Map Configurator\Library\PackageCache\com.unity.visualscripting@1.7.8\Editor\VisualScripting.Core\Dependencies\DotNetZip\Unity.VisualScripting.IonicZip.dll
Native extension for WindowsStandalone target not found
Refreshing native plugins compatible for Editor in 0.93 ms, found 3 plugins.
Preloading 0 native plugins for Editor in 0.00 ms.
Mono: successfully reloaded assembly
- Completed reload, in  0.966 seconds
Domain Reload Profiling:
	ReloadAssembly (967ms)
		BeginReloadAssembly (111ms)
			ExecutionOrderSort (0ms)
			DisableScriptedObjects (4ms)
			BackupInstance (0ms)
			ReleaseScriptingObjects (0ms)
			CreateAndSetChildDomain (32ms)
		EndReloadAssembly (785ms)
			LoadAssemblies (66ms)
			RebuildTransferFunctionScriptingTraits (0ms)
			SetupTypeCache (205ms)
			ReleaseScriptCaches (2ms)
			RebuildScriptCaches (39ms)
			SetupLoadedEditorAssemblies (377ms)
				LogAssemblyErrors (0ms)
				InitializePlatformSupportModulesInManaged (13ms)
				SetLoadedEditorAssemblies (1ms)
				RefreshPlugins (1ms)
				BeforeProcessingInitializeOnLoad (65ms)
				ProcessInitializeOnLoadAttributes (199ms)
				ProcessInitializeOnLoadMethodAttributes (92ms)
				AfterProcessingInitializeOnLoad (6ms)
				EditorAssembliesLoaded (0ms)
			ExecutionOrderSort2 (0ms)
			AwakeInstancesAfterBackupRestoration (24ms)
Platform modules already initialized, skipping
Refreshing native plugins compatible for Editor in 2.48 ms, found 3 plugins.
Preloading 0 native plugins for Editor in 0.00 ms.
Unloading 5316 Unused Serialized files (Serialized files now loaded: 0)
Unloading 28 unused Assets / (0.7 MB). Loaded Objects now: 6046.
Memory consumption went from 212.8 MB to 212.0 MB.
Total: 3.484000 ms (FindLiveObjects: 0.304100 ms CreateObjectMapping: 0.172100 ms MarkObjects: 2.714100 ms  DeleteObjects: 0.292700 ms)

AssetImportParameters requested are different than current active one (requested -> active):
  custom:video-decoder-ogg-theora: a1e56fd34408186e4bbccfd4996cb3dc -> 
  custom:container-muxer-webm: aa71ff27fc2769a1b78a27578f13a17b -> 
  custom:container-demuxer-webm: 4f35f7cbe854078d1ac9338744f61a02 -> 
  custom:video-encoder-webm-vp8: eb34c28f22e8b96e1ab97ce403110664 -> 
  custom:video-codec-MediaFoundation-h265: 746d11721c4dcdbdad8f713fa42b33f4 -> 
  custom:audio-encoder-webm-vorbis: bf7c407c2cedff20999df2af8eb42d56 -> 
  custom:framework-win-MediaFoundation: 216162199b28c13a410421893ffa2e32 -> 
  custom:container-demuxer-ogg: 62fdf1f143b41e24485cea50d1cbac27 -> 
  custom:video-decoder-webm-vp8: 9c59270c3fd7afecdb556c50c9e8de78 -> 
  custom:audio-decoder-ogg-vorbis: bf7c407c2cedff20999df2af8eb42d56 -> 
========================================================================
Received Prepare
Registering precompiled user dll's ...
Registered in 0.003654 seconds.
Begin MonoManager ReloadAssembly
Symbol file LoadedFromMemory doesn't match image C:\Users\mattp\Documents\GitHub\MapConfigurator\Map Configurator\Library\PackageCache\com.unity.visualscripting@1.7.8\Editor\VisualScripting.Core\Dependencies\YamlDotNet\Unity.VisualScripting.YamlDotNet.dll
Symbol file LoadedFromMemory doesn't match image C:\Users\mattp\Documents\GitHub\MapConfigurator\Map Configurator\Library\PackageCache\com.unity.visualscripting@1.7.8\Editor\VisualScripting.Core\Dependencies\DotNetZip\Unity.VisualScripting.IonicZip.dll
Native extension for WindowsStandalone target not found
Refreshing native plugins compatible for Editor in 0.89 ms, found 3 plugins.
Preloading 0 native plugins for Editor in 0.00 ms.
Mono: successfully reloaded assembly
- Completed reload, in  0.954 seconds
Domain Reload Profiling:
	ReloadAssembly (955ms)
		BeginReloadAssembly (106ms)
			ExecutionOrderSort (0ms)
			DisableScriptedObjects (6ms)
			BackupInstance (0ms)
			ReleaseScriptingObjects (0ms)
			CreateAndSetChildDomain (27ms)
		EndReloadAssembly (768ms)
			LoadAssemblies (60ms)
			RebuildTransferFunctionScriptingTraits (0ms)
			SetupTypeCache (229ms)
			ReleaseScriptCaches (2ms)
			RebuildScriptCaches (31ms)
			SetupLoadedEditorAssemblies (334ms)
				LogAssemblyErrors (0ms)
				InitializePlatformSupportModulesInManaged (11ms)
				SetLoadedEditorAssemblies (0ms)
				RefreshPlugins (1ms)
				BeforeProcessingInitializeOnLoad (69ms)
				ProcessInitializeOnLoadAttributes (186ms)
				ProcessInitializeOnLoadMethodAttributes (64ms)
				AfterProcessingInitializeOnLoad (4ms)
				EditorAssembliesLoaded (0ms)
			ExecutionOrderSort2 (0ms)
			AwakeInstancesAfterBackupRestoration (20ms)
Platform modules already initialized, skipping
Refreshing native plugins compatible for Editor in 2.53 ms, found 3 plugins.
Preloading 0 native plugins for Editor in 0.00 ms.
Unloading 5316 Unused Serialized files (Serialized files now loaded: 0)
Unloading 28 unused Assets / (0.7 MB). Loaded Objects now: 6049.
Memory consumption went from 212.8 MB to 212.1 MB.
Total: 6.792000 ms (FindLiveObjects: 0.607500 ms CreateObjectMapping: 0.327700 ms MarkObjects: 5.552500 ms  DeleteObjects: 0.302500 ms)

AssetImportParameters requested are different than current active one (requested -> active):
  custom:video-decoder-ogg-theora: a1e56fd34408186e4bbccfd4996cb3dc -> 
  custom:container-muxer-webm: aa71ff27fc2769a1b78a27578f13a17b -> 
  custom:container-demuxer-webm: 4f35f7cbe854078d1ac9338744f61a02 -> 
  custom:video-encoder-webm-vp8: eb34c28f22e8b96e1ab97ce403110664 -> 
  custom:video-codec-MediaFoundation-h265: 746d11721c4dcdbdad8f713fa42b33f4 -> 
  custom:audio-encoder-webm-vorbis: bf7c407c2cedff20999df2af8eb42d56 -> 
  custom:framework-win-MediaFoundation: 216162199b28c13a410421893ffa2e32 -> 
  custom:container-demuxer-ogg: 62fdf1f143b41e24485cea50d1cbac27 -> 
  custom:video-decoder-webm-vp8: 9c59270c3fd7afecdb556c50c9e8de78 -> 
  custom:audio-decoder-ogg-vorbis: bf7c407c2cedff20999df2af8eb42d56 -> 
========================================================================
Received Prepare
Registering precompiled user dll's ...
Registered in 0.008433 seconds.
Begin MonoManager ReloadAssembly
Symbol file LoadedFromMemory doesn't match image C:\Users\mattp\Documents\GitHub\MapConfigurator\Map Configurator\Library\PackageCache\com.unity.visualscripting@1.7.8\Editor\VisualScripting.Core\Dependencies\YamlDotNet\Unity.VisualScripting.YamlDotNet.dll
Symbol file LoadedFromMemory doesn't match image C:\Users\mattp\Documents\GitHub\MapConfigurator\Map Configurator\Library\PackageCache\com.unity.visualscripting@1.7.8\Editor\VisualScripting.Core\Dependencies\DotNetZip\Unity.VisualScripting.IonicZip.dll
Native extension for WindowsStandalone target not found
Refreshing native plugins compatible for Editor in 0.90 ms, found 3 plugins.
Preloading 0 native plugins for Editor in 0.00 ms.
Mono: successfully reloaded assembly
- Completed reload, in  1.006 seconds
Domain Reload Profiling:
	ReloadAssembly (1007ms)
		BeginReloadAssembly (95ms)
			ExecutionOrderSort (0ms)
			DisableScriptedObjects (4ms)
			BackupInstance (0ms)
			ReleaseScriptingObjects (0ms)
			CreateAndSetChildDomain (25ms)
		EndReloadAssembly (835ms)
			LoadAssemblies (56ms)
			RebuildTransferFunctionScriptingTraits (0ms)
			SetupTypeCache (193ms)
			ReleaseScriptCaches (2ms)
			RebuildScriptCaches (42ms)
			SetupLoadedEditorAssemblies (442ms)
				LogAssemblyErrors (0ms)
				InitializePlatformSupportModulesInManaged (13ms)
				SetLoadedEditorAssemblies (1ms)
				RefreshPlugins (1ms)
				BeforeProcessingInitializeOnLoad (95ms)
				ProcessInitializeOnLoadAttributes (233ms)
				ProcessInitializeOnLoadMethodAttributes (92ms)
				AfterProcessingInitializeOnLoad (8ms)
				EditorAssembliesLoaded (0ms)
			ExecutionOrderSort2 (0ms)
			AwakeInstancesAfterBackupRestoration (22ms)
Platform modules already initialized, skipping
Refreshing native plugins compatible for Editor in 2.23 ms, found 3 plugins.
Preloading 0 native plugins for Editor in 0.00 ms.
Unloading 5316 Unused Serialized files (Serialized files now loaded: 0)
Unloading 28 unused Assets / (0.7 MB). Loaded Objects now: 6052.
Memory consumption went from 212.8 MB to 212.1 MB.
Total: 4.311300 ms (FindLiveObjects: 0.375500 ms CreateObjectMapping: 0.166800 ms MarkObjects: 3.439700 ms  DeleteObjects: 0.327900 ms)

AssetImportParameters requested are different than current active one (requested -> active):
  custom:video-decoder-ogg-theora: a1e56fd34408186e4bbccfd4996cb3dc -> 
  custom:container-muxer-webm: aa71ff27fc2769a1b78a27578f13a17b -> 
  custom:container-demuxer-webm: 4f35f7cbe854078d1ac9338744f61a02 -> 
  custom:video-encoder-webm-vp8: eb34c28f22e8b96e1ab97ce403110664 -> 
  custom:video-codec-MediaFoundation-h265: 746d11721c4dcdbdad8f713fa42b33f4 -> 
  custom:audio-encoder-webm-vorbis: bf7c407c2cedff20999df2af8eb42d56 -> 
  custom:framework-win-MediaFoundation: 216162199b28c13a410421893ffa2e32 -> 
  custom:container-demuxer-ogg: 62fdf1f143b41e24485cea50d1cbac27 -> 
  custom:video-decoder-webm-vp8: 9c59270c3fd7afecdb556c50c9e8de78 -> 
  custom:audio-decoder-ogg-vorbis: bf7c407c2cedff20999df2af8eb42d56 -> 
========================================================================
Received Import Request.
  Time since last request: 217.471801 seconds.
  path: Assets/Mastered/YellowAssets/Capsule Variant.prefab
  artifactKey: Guid(b6a5f33356c12e846857f69eee1c76f8) Importer(815301076,1909f56bfc062723c751e8b465ee728b)
Start importing Assets/Mastered/YellowAssets/Capsule Variant.prefab using Guid(b6a5f33356c12e846857f69eee1c76f8) Importer(815301076,1909f56bfc062723c751e8b465ee728b)  -> (artifact id: 'a7fb77e2510a624d2f35b7df24d56925') in 0.205083 seconds 
========================================================================
Received Import Request.
  Time since last request: 2.090666 seconds.
  path: Assets/Mastered/YellowAssets/Capsule Variant.prefab
  artifactKey: Guid(b6a5f33356c12e846857f69eee1c76f8) Importer(815301076,1909f56bfc062723c751e8b465ee728b)
Start importing Assets/Mastered/YellowAssets/Capsule Variant.prefab using Guid(b6a5f33356c12e846857f69eee1c76f8) Importer(815301076,1909f56bfc062723c751e8b465ee728b)  -> (artifact id: '1e958d543c1e6b800a431e8716e0c6fd') in 0.017206 seconds 
========================================================================
Received Import Request.
  Time since last request: 1.858372 seconds.
  path: Assets/Mastered/YellowAssets/Capsule Variant.prefab
  artifactKey: Guid(b6a5f33356c12e846857f69eee1c76f8) Importer(815301076,1909f56bfc062723c751e8b465ee728b)
Start importing Assets/Mastered/YellowAssets/Capsule Variant.prefab using Guid(b6a5f33356c12e846857f69eee1c76f8) Importer(815301076,1909f56bfc062723c751e8b465ee728b)  -> (artifact id: 'bdc6430ef268d263da667eb2b60d6031') in 0.013948 seconds 
========================================================================
Received Import Request.
  Time since last request: 7.055378 seconds.
  path: Assets/Mastered/YellowAssets/Capsule Variant.prefab
  artifactKey: Guid(b6a5f33356c12e846857f69eee1c76f8) Importer(815301076,1909f56bfc062723c751e8b465ee728b)
Start importing Assets/Mastered/YellowAssets/Capsule Variant.prefab using Guid(b6a5f33356c12e846857f69eee1c76f8) Importer(815301076,1909f56bfc062723c751e8b465ee728b)  -> (artifact id: '4ca232ed0e74e735be824fe3b67d7bb9') in 0.009540 seconds 
========================================================================
Received Import Request.
  Time since last request: 0.000018 seconds.
  path: Assets/Mastered/YellowAssets/Cylinder Variant.prefab
  artifactKey: Guid(2024a6a21f19a45438dbd8a0994bd645) Importer(815301076,1909f56bfc062723c751e8b465ee728b)
Start importing Assets/Mastered/YellowAssets/Cylinder Variant.prefab using Guid(2024a6a21f19a45438dbd8a0994bd645) Importer(815301076,1909f56bfc062723c751e8b465ee728b)  -> (artifact id: '25982dd697ae4643c913cad2f1f41de1') in 0.009132 seconds 
========================================================================
Received Import Request.
  Time since last request: 0.000019 seconds.
  path: Assets/Mastered/YellowAssets/Sphere Variant.prefab
  artifactKey: Guid(83dfc8c727189934f8ae2f256bdb2f69) Importer(815301076,1909f56bfc062723c751e8b465ee728b)
Start importing Assets/Mastered/YellowAssets/Sphere Variant.prefab using Guid(83dfc8c727189934f8ae2f256bdb2f69) Importer(815301076,1909f56bfc062723c751e8b465ee728b)  -> (artifact id: '1a926cff9bcc8192747bef7834e8c1f6') in 0.008441 seconds 
========================================================================
Received Import Request.
  Time since last request: 0.603830 seconds.
  path: Assets/Mastered/YellowAssets/Capsule Variant.prefab
  artifactKey: Guid(b6a5f33356c12e846857f69eee1c76f8) Importer(815301076,1909f56bfc062723c751e8b465ee728b)
Start importing Assets/Mastered/YellowAssets/Capsule Variant.prefab using Guid(b6a5f33356c12e846857f69eee1c76f8) Importer(815301076,1909f56bfc062723c751e8b465ee728b)  -> (artifact id: '6b03d5856b8c459159f9a7ae202e7023') in 0.009982 seconds 
========================================================================
Received Import Request.
  Time since last request: 0.000025 seconds.
  path: Assets/Mastered/YellowAssets/Cylinder Variant.prefab
  artifactKey: Guid(2024a6a21f19a45438dbd8a0994bd645) Importer(815301076,1909f56bfc062723c751e8b465ee728b)
Start importing Assets/Mastered/YellowAssets/Cylinder Variant.prefab using Guid(2024a6a21f19a45438dbd8a0994bd645) Importer(815301076,1909f56bfc062723c751e8b465ee728b)  -> (artifact id: 'aac6a5f287e8e127442e4d0446757071') in 0.011084 seconds 
========================================================================
Received Import Request.
  Time since last request: 4.335988 seconds.
  path: Assets/Mastered/GreenAssets/Capsule.prefab
  artifactKey: Guid(c93740e4949a06d45ab47e86a6d8e64e) Importer(815301076,1909f56bfc062723c751e8b465ee728b)
Start importing Assets/Mastered/GreenAssets/Capsule.prefab using Guid(c93740e4949a06d45ab47e86a6d8e64e) Importer(815301076,1909f56bfc062723c751e8b465ee728b)  -> (artifact id: '2795b4d302f49f9950505c4b0610f717') in 0.015738 seconds 
========================================================================
Received Import Request.
  Time since last request: 0.000024 seconds.
  path: Assets/Mastered/GreenAssets/Cylinder.prefab
  artifactKey: Guid(2808eccb4a961b346bb98a7261a67779) Importer(815301076,1909f56bfc062723c751e8b465ee728b)
Start importing Assets/Mastered/GreenAssets/Cylinder.prefab using Guid(2808eccb4a961b346bb98a7261a67779) Importer(815301076,1909f56bfc062723c751e8b465ee728b)  -> (artifact id: 'ac69e80b445ad66060afa5c37a96b70d') in 0.011291 seconds 
========================================================================
Received Import Request.
  Time since last request: 8.164110 seconds.
  path: Assets/Mastered/GreenAssets/Cube.prefab
  artifactKey: Guid(30c8ea98e4ddec549b292cf5e03d4719) Importer(815301076,1909f56bfc062723c751e8b465ee728b)
Start importing Assets/Mastered/GreenAssets/Cube.prefab using Guid(30c8ea98e4ddec549b292cf5e03d4719) Importer(815301076,1909f56bfc062723c751e8b465ee728b)  -> (artifact id: '12ea9f49c95404f284380a93fbb2a085') in 0.013245 seconds 
========================================================================
Received Import Request.
  Time since last request: 0.000027 seconds.
  path: Assets/Mastered/GreenAssets/Sphere.prefab
  artifactKey: Guid(55c44096966474946a4c607a0ae70a58) Importer(815301076,1909f56bfc062723c751e8b465ee728b)
Start importing Assets/Mastered/GreenAssets/Sphere.prefab using Guid(55c44096966474946a4c607a0ae70a58) Importer(815301076,1909f56bfc062723c751e8b465ee728b)  -> (artifact id: '23e0efcbc86b0b4b04f70fceaa41ea36') in 0.011277 seconds 
========================================================================
Received Import Request.
  Time since last request: 0.840726 seconds.
  path: Assets/Mastered/GreenAssets/Cube.prefab
  artifactKey: Guid(30c8ea98e4ddec549b292cf5e03d4719) Importer(815301076,1909f56bfc062723c751e8b465ee728b)
Start importing Assets/Mastered/GreenAssets/Cube.prefab using Guid(30c8ea98e4ddec549b292cf5e03d4719) Importer(815301076,1909f56bfc062723c751e8b465ee728b)  -> (artifact id: '79b10ef65416e958a383d8eedd5f3a28') in 0.014352 seconds 
========================================================================
Received Import Request.
  Time since last request: 12.295311 seconds.
  path: Assets/Mastered/GreenAssets/Cube.prefab
  artifactKey: Guid(30c8ea98e4ddec549b292cf5e03d4719) Importer(815301076,1909f56bfc062723c751e8b465ee728b)
Start importing Assets/Mastered/GreenAssets/Cube.prefab using Guid(30c8ea98e4ddec549b292cf5e03d4719) Importer(815301076,1909f56bfc062723c751e8b465ee728b)  -> (artifact id: '608e744442283f1dba5e3f465ee8e65d') in 0.012637 seconds 
========================================================================
Received Import Request.
  Time since last request: 0.000022 seconds.
  path: Assets/Mastered/GreenAssets/Sphere.prefab
  artifactKey: Guid(55c44096966474946a4c607a0ae70a58) Importer(815301076,1909f56bfc062723c751e8b465ee728b)
Start importing Assets/Mastered/GreenAssets/Sphere.prefab using Guid(55c44096966474946a4c607a0ae70a58) Importer(815301076,1909f56bfc062723c751e8b465ee728b)  -> (artifact id: '2b1181444d1241eb6d4e4b68220f8614') in 0.008258 seconds 
========================================================================
Received Import Request.
  Time since last request: 0.670059 seconds.
  path: Assets/Mastered/GreenAssets/Cube.prefab
  artifactKey: Guid(30c8ea98e4ddec549b292cf5e03d4719) Importer(815301076,1909f56bfc062723c751e8b465ee728b)
Start importing Assets/Mastered/GreenAssets/Cube.prefab using Guid(30c8ea98e4ddec549b292cf5e03d4719) Importer(815301076,1909f56bfc062723c751e8b465ee728b)  -> (artifact id: 'bc06d98e5fc9abc58b3c3c7be78be547') in 0.016278 seconds 
========================================================================
Received Import Request.
  Time since last request: 13.719330 seconds.
  path: Assets/Mastered/YellowAssets/Cube Variant.prefab
  artifactKey: Guid(d846b12a142b6064cbb3c5b34889fb38) Importer(815301076,1909f56bfc062723c751e8b465ee728b)
Start importing Assets/Mastered/YellowAssets/Cube Variant.prefab using Guid(d846b12a142b6064cbb3c5b34889fb38) Importer(815301076,1909f56bfc062723c751e8b465ee728b)  -> (artifact id: '3ee0ef635c0a25a9f2b0b1398f14c17d') in 0.012692 seconds 
========================================================================
Received Import Request.
  Time since last request: 0.000021 seconds.
  path: Assets/Mastered/YellowAssets/Sphere Variant.prefab
  artifactKey: Guid(83dfc8c727189934f8ae2f256bdb2f69) Importer(815301076,1909f56bfc062723c751e8b465ee728b)
Start importing Assets/Mastered/YellowAssets/Sphere Variant.prefab using Guid(83dfc8c727189934f8ae2f256bdb2f69) Importer(815301076,1909f56bfc062723c751e8b465ee728b)  -> (artifact id: 'ab3eb6f33097fa74e012415f55e390cc') in 0.008929 seconds 
========================================================================
Received Import Request.
  Time since last request: 9.118211 seconds.
  path: Assets/Mastered/YellowAssets/Cylinder Variant.prefab
  artifactKey: Guid(2024a6a21f19a45438dbd8a0994bd645) Importer(815301076,1909f56bfc062723c751e8b465ee728b)
Start importing Assets/Mastered/YellowAssets/Cylinder Variant.prefab using Guid(2024a6a21f19a45438dbd8a0994bd645) Importer(815301076,1909f56bfc062723c751e8b465ee728b)  -> (artifact id: 'b2229e1a268a621a016daff2b2fc79a0') in 0.012587 seconds 
========================================================================
Received Import Request.
  Time since last request: 0.609276 seconds.
  path: Assets/Mastered/YellowAssets/Cylinder Variant.prefab
  artifactKey: Guid(2024a6a21f19a45438dbd8a0994bd645) Importer(815301076,1909f56bfc062723c751e8b465ee728b)
Start importing Assets/Mastered/YellowAssets/Cylinder Variant.prefab using Guid(2024a6a21f19a45438dbd8a0994bd645) Importer(815301076,1909f56bfc062723c751e8b465ee728b)  -> (artifact id: '661bd89a6e52775a607c5198726e8001') in 0.016074 seconds 
Editor requested this worker to shutdown with reason: Scaling down because of idle timeout
AssetImportWorker is now disconnected from the server
Process exiting
Exiting without the bug reporter. Application will terminate with return code 0