Using pre-set license
Built from '2021.3/staging' branch; Version is '2021.3.4f1 (cb45f9cae8b7) revision 13321721'; Using compiler version '192829333'; Build Type 'Release'
OS: 'Windows 11  (10.0.22621) 64bit Core' Language: 'en' Physical Memory: 40652 MB
BatchMode: 1, IsHumanControllingUs: 0, StartBugReporterOnCrash: 0, Is64bit: 1, IsPro: 1

COMMAND LINE ARGUMENTS:
C:\Program Files\Unity\Hub\Editor\2021.3.4f1\Editor\Unity.exe
-adb2
-batchMode
-noUpm
-name
AssetImportWorker4
-projectPath
C:/Users/mattp/Documents/GitHub/MapConfigurator/Map Configurator
-logFile
Logs/AssetImportWorker4.log
-srvPort
59485
Successfully changed project path to: C:/Users/mattp/Documents/GitHub/MapConfigurator/Map Configurator
C:/Users/mattp/Documents/GitHub/MapConfigurator/Map Configurator
[UnityMemory] Configuration Parameters - Can be set up in boot.config
    "memorysetup-bucket-allocator-granularity=16"
    "memorysetup-bucket-allocator-bucket-count=8"
    "memorysetup-bucket-allocator-block-size=33554432"
    "memorysetup-bucket-allocator-block-count=8"
    "memorysetup-main-allocator-block-size=16777216"
    "memorysetup-thread-allocator-block-size=16777216"
    "memorysetup-gfx-main-allocator-block-size=16777216"
    "memorysetup-gfx-thread-allocator-block-size=16777216"
    "memorysetup-cache-allocator-block-size=4194304"
    "memorysetup-typetree-allocator-block-size=2097152"
    "memorysetup-profiler-bucket-allocator-granularity=16"
    "memorysetup-profiler-bucket-allocator-bucket-count=8"
    "memorysetup-profiler-bucket-allocator-block-size=33554432"
    "memorysetup-profiler-bucket-allocator-block-count=8"
    "memorysetup-profiler-allocator-block-size=16777216"
    "memorysetup-profiler-editor-allocator-block-size=1048576"
    "memorysetup-temp-allocator-size-main=16777216"
    "memorysetup-job-temp-allocator-block-size=2097152"
    "memorysetup-job-temp-allocator-block-size-background=1048576"
    "memorysetup-job-temp-allocator-reduction-small-platforms=262144"
    "memorysetup-temp-allocator-size-background-worker=32768"
    "memorysetup-temp-allocator-size-job-worker=262144"
    "memorysetup-temp-allocator-size-preload-manager=33554432"
    "memorysetup-temp-allocator-size-nav-mesh-worker=65536"
    "memorysetup-temp-allocator-size-audio-worker=65536"
    "memorysetup-temp-allocator-size-cloud-worker=32768"
    "memorysetup-temp-allocator-size-gi-baking-worker=262144"
    "memorysetup-temp-allocator-size-gfx=262144"
Refreshing native plugins compatible for Editor in 85.20 ms, found 3 plugins.
Preloading 0 native plugins for Editor in 0.00 ms.
Initialize engine version: 2021.3.4f1 (cb45f9cae8b7)
[Subsystems] Discovering subsystems at path C:/Program Files/Unity/Hub/Editor/2021.3.4f1/Editor/Data/Resources/UnitySubsystems
[Subsystems] Discovering subsystems at path C:/Users/mattp/Documents/GitHub/MapConfigurator/Map Configurator/Assets
GfxDevice: creating device client; threaded=0; jobified=0
Direct3D:
    Version:  Direct3D 11.0 [level 11.1]
    Renderer: NVIDIA GeForce RTX 3060 Laptop GPU (ID=0x2520)
    Vendor:   NVIDIA
    VRAM:     6023 MB
    Driver:   31.0.15.1659
Initialize mono
Mono path[0] = 'C:/Program Files/Unity/Hub/Editor/2021.3.4f1/Editor/Data/Managed'
Mono path[1] = 'C:/Program Files/Unity/Hub/Editor/2021.3.4f1/Editor/Data/MonoBleedingEdge/lib/mono/unityjit-win32'
Mono config path = 'C:/Program Files/Unity/Hub/Editor/2021.3.4f1/Editor/Data/MonoBleedingEdge/etc'
Using monoOptions --debugger-agent=transport=dt_socket,embedding=1,server=y,suspend=n,address=127.0.0.1:56676
Begin MonoManager ReloadAssembly
Registering precompiled unity dll's ...
Register platform support module: C:/Program Files/Unity/Hub/Editor/2021.3.4f1/Editor/Data/PlaybackEngines/WindowsStandaloneSupport/UnityEditor.WindowsStandalone.Extensions.dll
Registered in 0.002833 seconds.
Native extension for WindowsStandalone target not found
Refreshing native plugins compatible for Editor in 96.67 ms, found 3 plugins.
Preloading 0 native plugins for Editor in 0.00 ms.
Mono: successfully reloaded assembly
- Completed reload, in  0.610 seconds
Domain Reload Profiling:
	ReloadAssembly (610ms)
		BeginReloadAssembly (62ms)
			ExecutionOrderSort (0ms)
			DisableScriptedObjects (0ms)
			BackupInstance (0ms)
			ReleaseScriptingObjects (0ms)
			CreateAndSetChildDomain (1ms)
		EndReloadAssembly (452ms)
			LoadAssemblies (61ms)
			RebuildTransferFunctionScriptingTraits (0ms)
			SetupTypeCache (100ms)
			ReleaseScriptCaches (0ms)
			RebuildScriptCaches (23ms)
			SetupLoadedEditorAssemblies (280ms)
				LogAssemblyErrors (0ms)
				InitializePlatformSupportModulesInManaged (6ms)
				SetLoadedEditorAssemblies (0ms)
				RefreshPlugins (97ms)
				BeforeProcessingInitializeOnLoad (1ms)
				ProcessInitializeOnLoadAttributes (130ms)
				ProcessInitializeOnLoadMethodAttributes (46ms)
				AfterProcessingInitializeOnLoad (0ms)
				EditorAssembliesLoaded (0ms)
			ExecutionOrderSort2 (0ms)
			AwakeInstancesAfterBackupRestoration (0ms)
Platform modules already initialized, skipping
Registering precompiled user dll's ...
Registered in 0.004767 seconds.
Begin MonoManager ReloadAssembly
Symbol file LoadedFromMemory doesn't match image C:\Users\mattp\Documents\GitHub\MapConfigurator\Map Configurator\Library\PackageCache\com.unity.visualscripting@1.7.8\Editor\VisualScripting.Core\Dependencies\YamlDotNet\Unity.VisualScripting.YamlDotNet.dll
Symbol file LoadedFromMemory doesn't match image C:\Users\mattp\Documents\GitHub\MapConfigurator\Map Configurator\Library\PackageCache\com.unity.visualscripting@1.7.8\Editor\VisualScripting.Core\Dependencies\DotNetZip\Unity.VisualScripting.IonicZip.dll
Native extension for WindowsStandalone target not found
Refreshing native plugins compatible for Editor in 152.39 ms, found 3 plugins.
Preloading 0 native plugins for Editor in 0.00 ms.
Mono: successfully reloaded assembly
- Completed reload, in  1.739 seconds
Domain Reload Profiling:
	ReloadAssembly (1740ms)
		BeginReloadAssembly (141ms)
			ExecutionOrderSort (0ms)
			DisableScriptedObjects (7ms)
			BackupInstance (0ms)
			ReleaseScriptingObjects (0ms)
			CreateAndSetChildDomain (27ms)
		EndReloadAssembly (1436ms)
			LoadAssemblies (106ms)
			RebuildTransferFunctionScriptingTraits (0ms)
			SetupTypeCache (372ms)
			ReleaseScriptCaches (1ms)
			RebuildScriptCaches (80ms)
			SetupLoadedEditorAssemblies (808ms)
				LogAssemblyErrors (0ms)
				InitializePlatformSupportModulesInManaged (6ms)
				SetLoadedEditorAssemblies (0ms)
				RefreshPlugins (152ms)
				BeforeProcessingInitializeOnLoad (149ms)
				ProcessInitializeOnLoadAttributes (373ms)
				ProcessInitializeOnLoadMethodAttributes (121ms)
				AfterProcessingInitializeOnLoad (6ms)
				EditorAssembliesLoaded (0ms)
			ExecutionOrderSort2 (0ms)
			AwakeInstancesAfterBackupRestoration (9ms)
Platform modules already initialized, skipping
========================================================================
Worker process is ready to serve import requests
Launched and connected shader compiler UnityShaderCompiler.exe after 0.06 seconds
Refreshing native plugins compatible for Editor in 1.11 ms, found 3 plugins.
Preloading 0 native plugins for Editor in 0.00 ms.
Unloading 5463 Unused Serialized files (Serialized files now loaded: 0)
Unloading 35 unused Assets / (0.7 MB). Loaded Objects now: 5917.
Memory consumption went from 217.2 MB to 216.5 MB.
Total: 5.300400 ms (FindLiveObjects: 0.435500 ms CreateObjectMapping: 0.315700 ms MarkObjects: 4.115900 ms  DeleteObjects: 0.431500 ms)

AssetImportParameters requested are different than current active one (requested -> active):
  custom:video-decoder-ogg-theora: a1e56fd34408186e4bbccfd4996cb3dc -> 
  custom:container-muxer-webm: aa71ff27fc2769a1b78a27578f13a17b -> 
  custom:container-demuxer-webm: 4f35f7cbe854078d1ac9338744f61a02 -> 
  custom:video-encoder-webm-vp8: eb34c28f22e8b96e1ab97ce403110664 -> 
  custom:video-codec-MediaFoundation-h265: 746d11721c4dcdbdad8f713fa42b33f4 -> 
  custom:audio-encoder-webm-vorbis: bf7c407c2cedff20999df2af8eb42d56 -> 
  custom:framework-win-MediaFoundation: 216162199b28c13a410421893ffa2e32 -> 
  custom:container-demuxer-ogg: 62fdf1f143b41e24485cea50d1cbac27 -> 
  custom:video-decoder-webm-vp8: 9c59270c3fd7afecdb556c50c9e8de78 -> 
  custom:audio-decoder-ogg-vorbis: bf7c407c2cedff20999df2af8eb42d56 -> 
========================================================================
Received Import Request.
  Time since last request: 713003.892975 seconds.
  path: Assets/Mastered/YellowAssets/New Material.mat
  artifactKey: Guid(078902273db29d843b0871419d9edb60) Importer(815301076,1909f56bfc062723c751e8b465ee728b)
Start importing Assets/Mastered/YellowAssets/New Material.mat using Guid(078902273db29d843b0871419d9edb60) Importer(815301076,1909f56bfc062723c751e8b465ee728b)  -> (artifact id: '61afced15d61a2bbc588071a5722cf29') in 0.237829 seconds 
========================================================================
Received Import Request.
  Time since last request: 4.662538 seconds.
  path: Assets/Mastered/YellowAssets/Capsule Variant.prefab
  artifactKey: Guid(b6a5f33356c12e846857f69eee1c76f8) Importer(815301076,1909f56bfc062723c751e8b465ee728b)
Start importing Assets/Mastered/YellowAssets/Capsule Variant.prefab using Guid(b6a5f33356c12e846857f69eee1c76f8) Importer(815301076,1909f56bfc062723c751e8b465ee728b)  -> (artifact id: '4594ab3b02df6cb2db0e8c234b8b73dd') in 0.031944 seconds 
========================================================================
Received Import Request.
  Time since last request: 5.949986 seconds.
  path: Assets/Mastered/YellowAssets/Cube Variant.prefab
  artifactKey: Guid(d846b12a142b6064cbb3c5b34889fb38) Importer(815301076,1909f56bfc062723c751e8b465ee728b)
Start importing Assets/Mastered/YellowAssets/Cube Variant.prefab using Guid(d846b12a142b6064cbb3c5b34889fb38) Importer(815301076,1909f56bfc062723c751e8b465ee728b)  -> (artifact id: '8b4d67fb478883a7113c5669a1957e87') in 0.017311 seconds 
========================================================================
Received Import Request.
  Time since last request: 2.628315 seconds.
  path: Assets/Mastered/YellowAssets/Cylinder Variant.prefab
  artifactKey: Guid(2024a6a21f19a45438dbd8a0994bd645) Importer(815301076,1909f56bfc062723c751e8b465ee728b)
Start importing Assets/Mastered/YellowAssets/Cylinder Variant.prefab using Guid(2024a6a21f19a45438dbd8a0994bd645) Importer(815301076,1909f56bfc062723c751e8b465ee728b)  -> (artifact id: '95b4073355a175c16fcf80bdba6794b9') in 0.016568 seconds 
========================================================================
Received Import Request.
  Time since last request: 2.599908 seconds.
  path: Assets/Mastered/YellowAssets/Sphere Variant.prefab
  artifactKey: Guid(83dfc8c727189934f8ae2f256bdb2f69) Importer(815301076,1909f56bfc062723c751e8b465ee728b)
Start importing Assets/Mastered/YellowAssets/Sphere Variant.prefab using Guid(83dfc8c727189934f8ae2f256bdb2f69) Importer(815301076,1909f56bfc062723c751e8b465ee728b)  -> (artifact id: '941d167fa41eeebd939d653ab16a1853') in 0.014174 seconds 
========================================================================
Received Import Request.
  Time since last request: 14.935628 seconds.
  path: Assets/Mastered/GreenAssets/New Material.mat
  artifactKey: Guid(8fccc282594af9542975582da590ff38) Importer(815301076,1909f56bfc062723c751e8b465ee728b)
Start importing Assets/Mastered/GreenAssets/New Material.mat using Guid(8fccc282594af9542975582da590ff38) Importer(815301076,1909f56bfc062723c751e8b465ee728b)  -> (artifact id: '001ebf7af5b136dc5181918b1faa77c0') in 0.008402 seconds 
========================================================================
Received Import Request.
  Time since last request: 6.344599 seconds.
  path: Assets/Mastered/GreenAssets/Capsule.prefab
  artifactKey: Guid(c93740e4949a06d45ab47e86a6d8e64e) Importer(815301076,1909f56bfc062723c751e8b465ee728b)
Start importing Assets/Mastered/GreenAssets/Capsule.prefab using Guid(c93740e4949a06d45ab47e86a6d8e64e) Importer(815301076,1909f56bfc062723c751e8b465ee728b)  -> (artifact id: '3e26dcab52653bf4a46a087ef54fe1e1') in 0.015435 seconds 
========================================================================
Received Import Request.
  Time since last request: 2.189618 seconds.
  path: Assets/Mastered/GreenAssets/Cube.prefab
  artifactKey: Guid(30c8ea98e4ddec549b292cf5e03d4719) Importer(815301076,1909f56bfc062723c751e8b465ee728b)
Start importing Assets/Mastered/GreenAssets/Cube.prefab using Guid(30c8ea98e4ddec549b292cf5e03d4719) Importer(815301076,1909f56bfc062723c751e8b465ee728b)  -> (artifact id: '9e45f5978eea8ae0b294c834aaa16e24') in 0.013139 seconds 
========================================================================
Received Import Request.
  Time since last request: 1.998367 seconds.
  path: Assets/Mastered/GreenAssets/Cylinder.prefab
  artifactKey: Guid(2808eccb4a961b346bb98a7261a67779) Importer(815301076,1909f56bfc062723c751e8b465ee728b)
Start importing Assets/Mastered/GreenAssets/Cylinder.prefab using Guid(2808eccb4a961b346bb98a7261a67779) Importer(815301076,1909f56bfc062723c751e8b465ee728b)  -> (artifact id: 'f65bcc92ef5624dca5a41db64d6019d7') in 0.014766 seconds 
========================================================================
Received Import Request.
  Time since last request: 3.379369 seconds.
  path: Assets/Mastered/GreenAssets/Sphere.prefab
  artifactKey: Guid(55c44096966474946a4c607a0ae70a58) Importer(815301076,1909f56bfc062723c751e8b465ee728b)
Start importing Assets/Mastered/GreenAssets/Sphere.prefab using Guid(55c44096966474946a4c607a0ae70a58) Importer(815301076,1909f56bfc062723c751e8b465ee728b)  -> (artifact id: '04b2d648e1965d28a15fc97cf655f956') in 0.014296 seconds 
========================================================================
Received Prepare
Registering precompiled user dll's ...
Registered in 0.004457 seconds.
Begin MonoManager ReloadAssembly
Symbol file LoadedFromMemory doesn't match image C:\Users\mattp\Documents\GitHub\MapConfigurator\Map Configurator\Library\PackageCache\com.unity.visualscripting@1.7.8\Editor\VisualScripting.Core\Dependencies\YamlDotNet\Unity.VisualScripting.YamlDotNet.dll
Symbol file LoadedFromMemory doesn't match image C:\Users\mattp\Documents\GitHub\MapConfigurator\Map Configurator\Library\PackageCache\com.unity.visualscripting@1.7.8\Editor\VisualScripting.Core\Dependencies\DotNetZip\Unity.VisualScripting.IonicZip.dll
Native extension for WindowsStandalone target not found
Refreshing native plugins compatible for Editor in 0.91 ms, found 3 plugins.
Preloading 0 native plugins for Editor in 0.00 ms.
Mono: successfully reloaded assembly
- Completed reload, in  1.033 seconds
Domain Reload Profiling:
	ReloadAssembly (1034ms)
		BeginReloadAssembly (136ms)
			ExecutionOrderSort (0ms)
			DisableScriptedObjects (7ms)
			BackupInstance (0ms)
			ReleaseScriptingObjects (0ms)
			CreateAndSetChildDomain (38ms)
		EndReloadAssembly (803ms)
			LoadAssemblies (86ms)
			RebuildTransferFunctionScriptingTraits (0ms)
			SetupTypeCache (211ms)
			ReleaseScriptCaches (2ms)
			RebuildScriptCaches (33ms)
			SetupLoadedEditorAssemblies (401ms)
				LogAssemblyErrors (0ms)
				InitializePlatformSupportModulesInManaged (13ms)
				SetLoadedEditorAssemblies (1ms)
				RefreshPlugins (1ms)
				BeforeProcessingInitializeOnLoad (75ms)
				ProcessInitializeOnLoadAttributes (208ms)
				ProcessInitializeOnLoadMethodAttributes (98ms)
				AfterProcessingInitializeOnLoad (5ms)
				EditorAssembliesLoaded (0ms)
			ExecutionOrderSort2 (0ms)
			AwakeInstancesAfterBackupRestoration (27ms)
Platform modules already initialized, skipping
Refreshing native plugins compatible for Editor in 1.39 ms, found 3 plugins.
Preloading 0 native plugins for Editor in 0.00 ms.
Unloading 5315 Unused Serialized files (Serialized files now loaded: 0)
Unloading 28 unused Assets / (0.7 MB). Loaded Objects now: 6014.
Memory consumption went from 212.8 MB to 212.1 MB.
Total: 5.949700 ms (FindLiveObjects: 0.501800 ms CreateObjectMapping: 0.456500 ms MarkObjects: 4.758900 ms  DeleteObjects: 0.229400 ms)

AssetImportParameters requested are different than current active one (requested -> active):
  custom:video-decoder-ogg-theora: a1e56fd34408186e4bbccfd4996cb3dc -> 
  custom:container-muxer-webm: aa71ff27fc2769a1b78a27578f13a17b -> 
  custom:container-demuxer-webm: 4f35f7cbe854078d1ac9338744f61a02 -> 
  custom:video-encoder-webm-vp8: eb34c28f22e8b96e1ab97ce403110664 -> 
  custom:video-codec-MediaFoundation-h265: 746d11721c4dcdbdad8f713fa42b33f4 -> 
  custom:audio-encoder-webm-vorbis: bf7c407c2cedff20999df2af8eb42d56 -> 
  custom:framework-win-MediaFoundation: 216162199b28c13a410421893ffa2e32 -> 
  custom:container-demuxer-ogg: 62fdf1f143b41e24485cea50d1cbac27 -> 
  custom:video-decoder-webm-vp8: 9c59270c3fd7afecdb556c50c9e8de78 -> 
  custom:audio-decoder-ogg-vorbis: bf7c407c2cedff20999df2af8eb42d56 -> 
========================================================================
Received Prepare
Registering precompiled user dll's ...
Registered in 0.004270 seconds.
Begin MonoManager ReloadAssembly
Symbol file LoadedFromMemory doesn't match image C:\Users\mattp\Documents\GitHub\MapConfigurator\Map Configurator\Library\PackageCache\com.unity.visualscripting@1.7.8\Editor\VisualScripting.Core\Dependencies\YamlDotNet\Unity.VisualScripting.YamlDotNet.dll
Symbol file LoadedFromMemory doesn't match image C:\Users\mattp\Documents\GitHub\MapConfigurator\Map Configurator\Library\PackageCache\com.unity.visualscripting@1.7.8\Editor\VisualScripting.Core\Dependencies\DotNetZip\Unity.VisualScripting.IonicZip.dll
Native extension for WindowsStandalone target not found
Refreshing native plugins compatible for Editor in 0.68 ms, found 3 plugins.
Preloading 0 native plugins for Editor in 0.00 ms.
Mono: successfully reloaded assembly
- Completed reload, in  0.944 seconds
Domain Reload Profiling:
	ReloadAssembly (945ms)
		BeginReloadAssembly (134ms)
			ExecutionOrderSort (0ms)
			DisableScriptedObjects (5ms)
			BackupInstance (0ms)
			ReleaseScriptingObjects (0ms)
			CreateAndSetChildDomain (36ms)
		EndReloadAssembly (726ms)
			LoadAssemblies (82ms)
			RebuildTransferFunctionScriptingTraits (0ms)
			SetupTypeCache (212ms)
			ReleaseScriptCaches (2ms)
			RebuildScriptCaches (33ms)
			SetupLoadedEditorAssemblies (354ms)
				LogAssemblyErrors (0ms)
				InitializePlatformSupportModulesInManaged (9ms)
				SetLoadedEditorAssemblies (0ms)
				RefreshPlugins (1ms)
				BeforeProcessingInitializeOnLoad (60ms)
				ProcessInitializeOnLoadAttributes (206ms)
				ProcessInitializeOnLoadMethodAttributes (73ms)
				AfterProcessingInitializeOnLoad (4ms)
				EditorAssembliesLoaded (0ms)
			ExecutionOrderSort2 (0ms)
			AwakeInstancesAfterBackupRestoration (15ms)
Platform modules already initialized, skipping
Refreshing native plugins compatible for Editor in 2.93 ms, found 3 plugins.
Preloading 0 native plugins for Editor in 0.00 ms.
Unloading 5316 Unused Serialized files (Serialized files now loaded: 0)
Unloading 28 unused Assets / (0.7 MB). Loaded Objects now: 6017.
Memory consumption went from 212.9 MB to 212.2 MB.
Total: 3.295900 ms (FindLiveObjects: 0.426700 ms CreateObjectMapping: 0.149400 ms MarkObjects: 2.437700 ms  DeleteObjects: 0.280900 ms)

AssetImportParameters requested are different than current active one (requested -> active):
  custom:video-decoder-ogg-theora: a1e56fd34408186e4bbccfd4996cb3dc -> 
  custom:container-muxer-webm: aa71ff27fc2769a1b78a27578f13a17b -> 
  custom:container-demuxer-webm: 4f35f7cbe854078d1ac9338744f61a02 -> 
  custom:video-encoder-webm-vp8: eb34c28f22e8b96e1ab97ce403110664 -> 
  custom:video-codec-MediaFoundation-h265: 746d11721c4dcdbdad8f713fa42b33f4 -> 
  custom:audio-encoder-webm-vorbis: bf7c407c2cedff20999df2af8eb42d56 -> 
  custom:framework-win-MediaFoundation: 216162199b28c13a410421893ffa2e32 -> 
  custom:container-demuxer-ogg: 62fdf1f143b41e24485cea50d1cbac27 -> 
  custom:video-decoder-webm-vp8: 9c59270c3fd7afecdb556c50c9e8de78 -> 
  custom:audio-decoder-ogg-vorbis: bf7c407c2cedff20999df2af8eb42d56 -> 
========================================================================
Received Import Request.
  Time since last request: 916.193096 seconds.
  path: Assets/Scripts
  artifactKey: Guid(75e38e4d810aa61439742eb89f0693d6) Importer(815301076,1909f56bfc062723c751e8b465ee728b)
Start importing Assets/Scripts using Guid(75e38e4d810aa61439742eb89f0693d6) Importer(815301076,1909f56bfc062723c751e8b465ee728b)  -> (artifact id: '3ef718663436d834263955fdfa9834f8') in 0.006641 seconds 
========================================================================
Received Import Request.
  Time since last request: 7.299496 seconds.
  path: Assets/Mastered/Hex.prefab
  artifactKey: Guid(b8b3e9a86365c2f4f8ea3a781c829600) Importer(815301076,1909f56bfc062723c751e8b465ee728b)
Start importing Assets/Mastered/Hex.prefab using Guid(b8b3e9a86365c2f4f8ea3a781c829600) Importer(815301076,1909f56bfc062723c751e8b465ee728b)  -> (artifact id: 'f0706d4bd218327602bf2ad6f79419d6') in 0.208606 seconds 
========================================================================
Received Import Request.
  Time since last request: 12.157353 seconds.
  path: Assets/Scripts/StartScene
  artifactKey: Guid(d0f452c3342684a4eb6e7539138f070a) Importer(815301076,1909f56bfc062723c751e8b465ee728b)
Start importing Assets/Scripts/StartScene using Guid(d0f452c3342684a4eb6e7539138f070a) Importer(815301076,1909f56bfc062723c751e8b465ee728b)  -> (artifact id: '003c6e3f48b916e0cff71c521ef9bec7') in 0.000939 seconds 
========================================================================
Received Import Request.
  Time since last request: 16.699523 seconds.
  path: Assets/Scripts/CharacterUI.cs
  artifactKey: Guid(1fee7fcf805ccdd42b77fbeaf54fceee) Importer(815301076,1909f56bfc062723c751e8b465ee728b)
Start importing Assets/Scripts/CharacterUI.cs using Guid(1fee7fcf805ccdd42b77fbeaf54fceee) Importer(815301076,1909f56bfc062723c751e8b465ee728b)  -> (artifact id: '1cc41f938e90385add06221351a8715d') in 0.006098 seconds 
========================================================================
Received Import Request.
  Time since last request: 3.254518 seconds.
  path: Assets/Scripts/StartScene/RaycastMenu.cs
  artifactKey: Guid(7e5a332c896a4a5488a644a7835026ee) Importer(815301076,1909f56bfc062723c751e8b465ee728b)
Start importing Assets/Scripts/StartScene/RaycastMenu.cs using Guid(7e5a332c896a4a5488a644a7835026ee) Importer(815301076,1909f56bfc062723c751e8b465ee728b)  -> (artifact id: '7131a56c895805cb1978364030acba1c') in 0.000963 seconds 
========================================================================
Received Import Request.
  Time since last request: 3.941463 seconds.
  path: Assets/StreamingAssets
  artifactKey: Guid(df2b27179612c2341b9c5e53f42e3867) Importer(815301076,1909f56bfc062723c751e8b465ee728b)
Start importing Assets/StreamingAssets using Guid(df2b27179612c2341b9c5e53f42e3867) Importer(815301076,1909f56bfc062723c751e8b465ee728b)  -> (artifact id: '6816f0ba2fcd5c69898c215a833ce587') in 0.001022 seconds 
========================================================================
Received Import Request.
  Time since last request: 44.493609 seconds.
  path: Assets/Mastered/MateredTwo/GameObjectPool.cs
  artifactKey: Guid(a7e9932586af82b4a83def5bf4b26ffa) Importer(815301076,1909f56bfc062723c751e8b465ee728b)
Start importing Assets/Mastered/MateredTwo/GameObjectPool.cs using Guid(a7e9932586af82b4a83def5bf4b26ffa) Importer(815301076,1909f56bfc062723c751e8b465ee728b)  -> (artifact id: '0e214ffb08e28543961e80215f2dfc86') in 0.001122 seconds 
========================================================================
Received Prepare
Registering precompiled user dll's ...
Registered in 0.003565 seconds.
Begin MonoManager ReloadAssembly
Symbol file LoadedFromMemory doesn't match image C:\Users\mattp\Documents\GitHub\MapConfigurator\Map Configurator\Library\PackageCache\com.unity.visualscripting@1.7.8\Editor\VisualScripting.Core\Dependencies\YamlDotNet\Unity.VisualScripting.YamlDotNet.dll
Symbol file LoadedFromMemory doesn't match image C:\Users\mattp\Documents\GitHub\MapConfigurator\Map Configurator\Library\PackageCache\com.unity.visualscripting@1.7.8\Editor\VisualScripting.Core\Dependencies\DotNetZip\Unity.VisualScripting.IonicZip.dll
Native extension for WindowsStandalone target not found
Refreshing native plugins compatible for Editor in 0.66 ms, found 3 plugins.
Preloading 0 native plugins for Editor in 0.00 ms.
Mono: successfully reloaded assembly
- Completed reload, in  0.777 seconds
Domain Reload Profiling:
	ReloadAssembly (778ms)
		BeginReloadAssembly (101ms)
			ExecutionOrderSort (0ms)
			DisableScriptedObjects (5ms)
			BackupInstance (0ms)
			ReleaseScriptingObjects (0ms)
			CreateAndSetChildDomain (32ms)
		EndReloadAssembly (612ms)
			LoadAssemblies (55ms)
			RebuildTransferFunctionScriptingTraits (0ms)
			SetupTypeCache (181ms)
			ReleaseScriptCaches (2ms)
			RebuildScriptCaches (30ms)
			SetupLoadedEditorAssemblies (284ms)
				LogAssemblyErrors (0ms)
				InitializePlatformSupportModulesInManaged (9ms)
				SetLoadedEditorAssemblies (1ms)
				RefreshPlugins (1ms)
				BeforeProcessingInitializeOnLoad (57ms)
				ProcessInitializeOnLoadAttributes (154ms)
				ProcessInitializeOnLoadMethodAttributes (60ms)
				AfterProcessingInitializeOnLoad (3ms)
				EditorAssembliesLoaded (0ms)
			ExecutionOrderSort2 (0ms)
			AwakeInstancesAfterBackupRestoration (16ms)
Platform modules already initialized, skipping
Refreshing native plugins compatible for Editor in 1.37 ms, found 3 plugins.
Preloading 0 native plugins for Editor in 0.00 ms.
Unloading 5315 Unused Serialized files (Serialized files now loaded: 0)
Unloading 28 unused Assets / (0.7 MB). Loaded Objects now: 6061.
Memory consumption went from 212.9 MB to 212.2 MB.
Total: 2.892800 ms (FindLiveObjects: 0.285300 ms CreateObjectMapping: 0.162400 ms MarkObjects: 2.223700 ms  DeleteObjects: 0.220600 ms)

AssetImportParameters requested are different than current active one (requested -> active):
  custom:video-decoder-ogg-theora: a1e56fd34408186e4bbccfd4996cb3dc -> 
  custom:container-muxer-webm: aa71ff27fc2769a1b78a27578f13a17b -> 
  custom:container-demuxer-webm: 4f35f7cbe854078d1ac9338744f61a02 -> 
  custom:video-encoder-webm-vp8: eb34c28f22e8b96e1ab97ce403110664 -> 
  custom:video-codec-MediaFoundation-h265: 746d11721c4dcdbdad8f713fa42b33f4 -> 
  custom:audio-encoder-webm-vorbis: bf7c407c2cedff20999df2af8eb42d56 -> 
  custom:framework-win-MediaFoundation: 216162199b28c13a410421893ffa2e32 -> 
  custom:container-demuxer-ogg: 62fdf1f143b41e24485cea50d1cbac27 -> 
  custom:video-decoder-webm-vp8: 9c59270c3fd7afecdb556c50c9e8de78 -> 
  custom:audio-decoder-ogg-vorbis: bf7c407c2cedff20999df2af8eb42d56 -> 
========================================================================
Received Prepare
Registering precompiled user dll's ...
Registered in 0.002962 seconds.
Begin MonoManager ReloadAssembly
Symbol file LoadedFromMemory doesn't match image C:\Users\mattp\Documents\GitHub\MapConfigurator\Map Configurator\Library\PackageCache\com.unity.visualscripting@1.7.8\Editor\VisualScripting.Core\Dependencies\YamlDotNet\Unity.VisualScripting.YamlDotNet.dll
Symbol file LoadedFromMemory doesn't match image C:\Users\mattp\Documents\GitHub\MapConfigurator\Map Configurator\Library\PackageCache\com.unity.visualscripting@1.7.8\Editor\VisualScripting.Core\Dependencies\DotNetZip\Unity.VisualScripting.IonicZip.dll
Native extension for WindowsStandalone target not found
Refreshing native plugins compatible for Editor in 0.63 ms, found 3 plugins.
Preloading 0 native plugins for Editor in 0.00 ms.
Mono: successfully reloaded assembly
- Completed reload, in  0.761 seconds
Domain Reload Profiling:
	ReloadAssembly (762ms)
		BeginReloadAssembly (94ms)
			ExecutionOrderSort (0ms)
			DisableScriptedObjects (3ms)
			BackupInstance (0ms)
			ReleaseScriptingObjects (0ms)
			CreateAndSetChildDomain (28ms)
		EndReloadAssembly (606ms)
			LoadAssemblies (55ms)
			RebuildTransferFunctionScriptingTraits (0ms)
			SetupTypeCache (179ms)
			ReleaseScriptCaches (2ms)
			RebuildScriptCaches (29ms)
			SetupLoadedEditorAssemblies (282ms)
				LogAssemblyErrors (0ms)
				InitializePlatformSupportModulesInManaged (8ms)
				SetLoadedEditorAssemblies (0ms)
				RefreshPlugins (1ms)
				BeforeProcessingInitializeOnLoad (51ms)
				ProcessInitializeOnLoadAttributes (156ms)
				ProcessInitializeOnLoadMethodAttributes (62ms)
				AfterProcessingInitializeOnLoad (3ms)
				EditorAssembliesLoaded (0ms)
			ExecutionOrderSort2 (0ms)
			AwakeInstancesAfterBackupRestoration (14ms)
Platform modules already initialized, skipping
Refreshing native plugins compatible for Editor in 1.34 ms, found 3 plugins.
Preloading 0 native plugins for Editor in 0.00 ms.
Unloading 5316 Unused Serialized files (Serialized files now loaded: 0)
Unloading 28 unused Assets / (0.7 MB). Loaded Objects now: 6064.
Memory consumption went from 212.9 MB to 212.2 MB.
Total: 2.719300 ms (FindLiveObjects: 0.277000 ms CreateObjectMapping: 0.170300 ms MarkObjects: 2.031100 ms  DeleteObjects: 0.239900 ms)

AssetImportParameters requested are different than current active one (requested -> active):
  custom:video-decoder-ogg-theora: a1e56fd34408186e4bbccfd4996cb3dc -> 
  custom:container-muxer-webm: aa71ff27fc2769a1b78a27578f13a17b -> 
  custom:container-demuxer-webm: 4f35f7cbe854078d1ac9338744f61a02 -> 
  custom:video-encoder-webm-vp8: eb34c28f22e8b96e1ab97ce403110664 -> 
  custom:video-codec-MediaFoundation-h265: 746d11721c4dcdbdad8f713fa42b33f4 -> 
  custom:audio-encoder-webm-vorbis: bf7c407c2cedff20999df2af8eb42d56 -> 
  custom:framework-win-MediaFoundation: 216162199b28c13a410421893ffa2e32 -> 
  custom:container-demuxer-ogg: 62fdf1f143b41e24485cea50d1cbac27 -> 
  custom:video-decoder-webm-vp8: 9c59270c3fd7afecdb556c50c9e8de78 -> 
  custom:audio-decoder-ogg-vorbis: bf7c407c2cedff20999df2af8eb42d56 -> 
========================================================================
Received Import Request.
  Time since last request: 263.831585 seconds.
  path: Assets/Mastered/GreenAssets/Capsule.prefab
  artifactKey: Guid(c93740e4949a06d45ab47e86a6d8e64e) Importer(815301076,1909f56bfc062723c751e8b465ee728b)
Start importing Assets/Mastered/GreenAssets/Capsule.prefab using Guid(c93740e4949a06d45ab47e86a6d8e64e) Importer(815301076,1909f56bfc062723c751e8b465ee728b)  -> (artifact id: '85b59c939beb0317545a150f3801fb3c') in 0.158719 seconds 
========================================================================
Received Import Request.
  Time since last request: 9.303242 seconds.
  path: Assets/Mastered/GreenAssets/Cube.prefab
  artifactKey: Guid(30c8ea98e4ddec549b292cf5e03d4719) Importer(815301076,1909f56bfc062723c751e8b465ee728b)
Start importing Assets/Mastered/GreenAssets/Cube.prefab using Guid(30c8ea98e4ddec549b292cf5e03d4719) Importer(815301076,1909f56bfc062723c751e8b465ee728b)  -> (artifact id: '4b72064b65b14ad6cc440d90cdd1b9b9') in 0.009299 seconds 
========================================================================
Received Import Request.
  Time since last request: 2.217539 seconds.
  path: Assets/Mastered/GreenAssets/Cylinder.prefab
  artifactKey: Guid(2808eccb4a961b346bb98a7261a67779) Importer(815301076,1909f56bfc062723c751e8b465ee728b)
Start importing Assets/Mastered/GreenAssets/Cylinder.prefab using Guid(2808eccb4a961b346bb98a7261a67779) Importer(815301076,1909f56bfc062723c751e8b465ee728b)  -> (artifact id: '33d775091b8062017e997195d698b60d') in 0.010670 seconds 
========================================================================
Received Import Request.
  Time since last request: 3.359734 seconds.
  path: Assets/Mastered/GreenAssets/Sphere.prefab
  artifactKey: Guid(55c44096966474946a4c607a0ae70a58) Importer(815301076,1909f56bfc062723c751e8b465ee728b)
Start importing Assets/Mastered/GreenAssets/Sphere.prefab using Guid(55c44096966474946a4c607a0ae70a58) Importer(815301076,1909f56bfc062723c751e8b465ee728b)  -> (artifact id: '9575c3f4c29af814c89ecf566704204d') in 0.010747 seconds 
========================================================================
Received Import Request.
  Time since last request: 2.563005 seconds.
  path: Assets/Mastered/YellowAssets/Capsule Variant.prefab
  artifactKey: Guid(b6a5f33356c12e846857f69eee1c76f8) Importer(815301076,1909f56bfc062723c751e8b465ee728b)
Start importing Assets/Mastered/YellowAssets/Capsule Variant.prefab using Guid(b6a5f33356c12e846857f69eee1c76f8) Importer(815301076,1909f56bfc062723c751e8b465ee728b)  -> (artifact id: '4950741fa4b8dc4a23afdfb81cb53a5e') in 0.012443 seconds 
========================================================================
Received Import Request.
  Time since last request: 0.000025 seconds.
  path: Assets/Mastered/YellowAssets/Cylinder Variant.prefab
  artifactKey: Guid(2024a6a21f19a45438dbd8a0994bd645) Importer(815301076,1909f56bfc062723c751e8b465ee728b)
Start importing Assets/Mastered/YellowAssets/Cylinder Variant.prefab using Guid(2024a6a21f19a45438dbd8a0994bd645) Importer(815301076,1909f56bfc062723c751e8b465ee728b)  -> (artifact id: 'f31ff4bc8bb30bdddd175b5c1bb0024d') in 0.013813 seconds 
========================================================================
Received Import Request.
  Time since last request: 0.000020 seconds.
  path: Assets/Mastered/YellowAssets/Sphere Variant.prefab
  artifactKey: Guid(83dfc8c727189934f8ae2f256bdb2f69) Importer(815301076,1909f56bfc062723c751e8b465ee728b)
Start importing Assets/Mastered/YellowAssets/Sphere Variant.prefab using Guid(83dfc8c727189934f8ae2f256bdb2f69) Importer(815301076,1909f56bfc062723c751e8b465ee728b)  -> (artifact id: '6b921e56ab3be5c4fd7610d001eb4a08') in 0.010098 seconds 
========================================================================
Received Import Request.
  Time since last request: 0.000020 seconds.
  path: Assets/Mastered/YellowAssets/New Material.mat
  artifactKey: Guid(078902273db29d843b0871419d9edb60) Importer(815301076,1909f56bfc062723c751e8b465ee728b)
Start importing Assets/Mastered/YellowAssets/New Material.mat using Guid(078902273db29d843b0871419d9edb60) Importer(815301076,1909f56bfc062723c751e8b465ee728b)  -> (artifact id: '6ded9e450a741f84c60a05a190acce71') in 0.018449 seconds 
Editor requested this worker to shutdown with reason: Scaling down because of idle timeout
AssetImportWorker is now disconnected from the server
Process exiting
Exiting without the bug reporter. Application will terminate with return code 0